<?xml version="1.0" encoding="UTF-8"?>
<testsuite xmlns:xsi="http://www.w3.org/2001/XMLSchema-instance" xsi:noNamespaceSchemaLocation="https://maven.apache.org/surefire/maven-surefire-plugin/xsd/surefire-test-report.xsd" version="3.0.2" name="com.ProyectoCarpooling.app.ProyectoCarpoolingApplicationTests" time="5.928" tests="1" errors="0" skipped="0" failures="0">
  <properties>
[...]
</properties>
  <testcase name="contextLoads" classname="com.ProyectoCarpooling.app.ProyectoCarpoolingApplicationTests" time="1.083">
    <system-out><![CDATA[09:56:04.151 [main] INFO org.springframework.test.context.support.AnnotationConfigContextLoaderUtils -- Could not detect default configuration classes for test class [com.ProyectoCarpooling.app.ProyectoCarpoolingApplicationTests]: ProyectoCarpoolingApplicationTests does not declare any static, non-private, non-final, nested classes annotated with @Configuration.
09:56:04.330 [main] INFO org.springframework.boot.test.context.SpringBootTestContextBootstrapper -- Found @SpringBootConfiguration com.ProyectoCarpooling.app.ProyectoCarpoolingApplication for test class com.ProyectoCarpooling.app.ProyectoCarpoolingApplicationTests
09:56:04.592 [main] INFO org.springframework.boot.devtools.restart.RestartApplicationListener -- Restart disabled due to context in which it is running

  .   ____          _            __ _ _
 /\\ / ___'_ __ _ _(_)_ __  __ _ \ \ \ \
( ( )\___ | '_ | '_| | '_ \/ _` | \ \ \ \
 \\/  ___)| |_)| | | | | || (_| |  ) ) ) )
  '  |____| .__|_| |_|_| |_\__, | / / / /
 =========|_|==============|___/=/_/_/_/

 :: Spring Boot ::                (v3.4.5)

2025-06-07T09:56:05.022-05:00  INFO 25156 --- [ProyectoCarpooling] [           main] c.P.a.ProyectoCarpoolingApplicationTests : Starting ProyectoCarpoolingApplicationTests using Java 21.0.6 with PID 25156 (started by pau20 in C:\Users\pau20\Downloads\ProyectoCarpooling-master\ProyectoCarpooling-master)
2025-06-07T09:56:05.024-05:00  INFO 25156 --- [ProyectoCarpooling] [           main] c.P.a.ProyectoCarpoolingApplicationTests : No active profile set, falling back to 1 default profile: "default"
2025-06-07T09:56:05.025-05:00 DEBUG 25156 --- [ProyectoCarpooling] [           main] o.s.boot.SpringApplication               : Loading source class com.ProyectoCarpooling.app.ProyectoCarpoolingApplication
2025-06-07T09:56:05.060-05:00 DEBUG 25156 --- [ProyectoCarpooling] [           main] o.s.w.c.s.GenericWebApplicationContext   : Refreshing org.springframework.web.context.support.GenericWebApplicationContext@3b4ef7
2025-06-07T09:56:05.091-05:00 DEBUG 25156 --- [ProyectoCarpooling] [           main] o.s.b.f.s.DefaultListableBeanFactory     : Creating shared instance of singleton bean 'org.springframework.context.annotation.internalConfigurationAnnotationProcessor'
2025-06-07T09:56:05.112-05:00 DEBUG 25156 --- [ProyectoCarpooling] [           main] o.s.b.f.s.DefaultListableBeanFactory     : Creating shared instance of singleton bean 'org.springframework.boot.autoconfigure.internalCachingMetadataReaderFactory'
2025-06-07T09:56:05.190-05:00 DEBUG 25156 --- [ProyectoCarpooling] [           main] o.s.c.a.ClassPathBeanDefinitionScanner   : Identified candidate component class: file [C:\Users\pau20\Downloads\ProyectoCarpooling-master\ProyectoCarpooling-master\target\classes\com\ProyectoCarpooling\app\Controlador\AdminControlador.class]
2025-06-07T09:56:05.200-05:00 DEBUG 25156 --- [ProyectoCarpooling] [           main] o.s.c.a.ClassPathBeanDefinitionScanner   : Identified candidate component class: file [C:\Users\pau20\Downloads\ProyectoCarpooling-master\ProyectoCarpooling-master\target\classes\com\ProyectoCarpooling\app\Controlador\CalificacionControlador.class]
2025-06-07T09:56:05.201-05:00 DEBUG 25156 --- [ProyectoCarpooling] [           main] o.s.c.a.ClassPathBeanDefinitionScanner   : Identified candidate component class: file [C:\Users\pau20\Downloads\ProyectoCarpooling-master\ProyectoCarpooling-master\target\classes\com\ProyectoCarpooling\app\Controlador\ConductorControlador.class]
2025-06-07T09:56:05.202-05:00 DEBUG 25156 --- [ProyectoCarpooling] [           main] o.s.c.a.ClassPathBeanDefinitionScanner   : Identified candidate component class: file [C:\Users\pau20\Downloads\ProyectoCarpooling-master\ProyectoCarpooling-master\target\classes\com\ProyectoCarpooling\app\Controlador\CoordinadorControlador.class]
2025-06-07T09:56:05.203-05:00 DEBUG 25156 --- [ProyectoCarpooling] [           main] o.s.c.a.ClassPathBeanDefinitionScanner   : Identified candidate component class: file [C:\Users\pau20\Downloads\ProyectoCarpooling-master\ProyectoCarpooling-master\target\classes\com\ProyectoCarpooling\app\Controlador\InvitadoControlador.class]
2025-06-07T09:56:05.205-05:00 DEBUG 25156 --- [ProyectoCarpooling] [           main] o.s.c.a.ClassPathBeanDefinitionScanner   : Identified candidate component class: file [C:\Users\pau20\Downloads\ProyectoCarpooling-master\ProyectoCarpooling-master\target\classes\com\ProyectoCarpooling\app\Controlador\LoginControlador.class]
2025-06-07T09:56:05.206-05:00 DEBUG 25156 --- [ProyectoCarpooling] [           main] o.s.c.a.ClassPathBeanDefinitionScanner   : Identified candidate component class: file [C:\Users\pau20\Downloads\ProyectoCarpooling-master\ProyectoCarpooling-master\target\classes\com\ProyectoCarpooling\app\Controlador\PasajeroControlador.class]
2025-06-07T09:56:05.210-05:00 DEBUG 25156 --- [ProyectoCarpooling] [           main] o.s.c.a.ClassPathBeanDefinitionScanner   : Identified candidate component class: file [C:\Users\pau20\Downloads\ProyectoCarpooling-master\ProyectoCarpooling-master\target\classes\com\ProyectoCarpooling\app\Controlador\ReporteControlador.class]
2025-06-07T09:56:05.212-05:00 DEBUG 25156 --- [ProyectoCarpooling] [           main] o.s.c.a.ClassPathBeanDefinitionScanner   : Identified candidate component class: file [C:\Users\pau20\Downloads\ProyectoCarpooling-master\ProyectoCarpooling-master\target\classes\com\ProyectoCarpooling\app\Controlador\RutasControlador.class]
2025-06-07T09:56:05.214-05:00 DEBUG 25156 --- [ProyectoCarpooling] [           main] o.s.c.a.ClassPathBeanDefinitionScanner   : Identified candidate component class: file [C:\Users\pau20\Downloads\ProyectoCarpooling-master\ProyectoCarpooling-master\target\classes\com\ProyectoCarpooling\app\Controlador\SolicitudControlador.class]
2025-06-07T09:56:05.216-05:00 DEBUG 25156 --- [ProyectoCarpooling] [           main] o.s.c.a.ClassPathBeanDefinitionScanner   : Identified candidate component class: file [C:\Users\pau20\Downloads\ProyectoCarpooling-master\ProyectoCarpooling-master\target\classes\com\ProyectoCarpooling\app\Controlador\UserControlador.class]
2025-06-07T09:56:05.237-05:00 DEBUG 25156 --- [ProyectoCarpooling] [           main] o.s.c.a.ClassPathBeanDefinitionScanner   : Ignored because not a concrete top-level class: file [C:\Users\pau20\Downloads\ProyectoCarpooling-master\ProyectoCarpooling-master\target\classes\com\ProyectoCarpooling\app\Repositorio\CalificacionRepositorio.class]
2025-06-07T09:56:05.238-05:00 DEBUG 25156 --- [ProyectoCarpooling] [           main] o.s.c.a.ClassPathBeanDefinitionScanner   : Ignored because not a concrete top-level class: file [C:\Users\pau20\Downloads\ProyectoCarpooling-master\ProyectoCarpooling-master\target\classes\com\ProyectoCarpooling\app\Repositorio\ReporteRepositorio.class]
2025-06-07T09:56:05.239-05:00 DEBUG 25156 --- [ProyectoCarpooling] [           main] o.s.c.a.ClassPathBeanDefinitionScanner   : Ignored because not a concrete top-level class: file [C:\Users\pau20\Downloads\ProyectoCarpooling-master\ProyectoCarpooling-master\target\classes\com\ProyectoCarpooling\app\Repositorio\RutasRepositorio.class]
2025-06-07T09:56:05.240-05:00 DEBUG 25156 --- [ProyectoCarpooling] [           main] o.s.c.a.ClassPathBeanDefinitionScanner   : Ignored because not a concrete top-level class: file [C:\Users\pau20\Downloads\ProyectoCarpooling-master\ProyectoCarpooling-master\target\classes\com\ProyectoCarpooling\app\Repositorio\SolicitudRepositorio.class]
2025-06-07T09:56:05.241-05:00 DEBUG 25156 --- [ProyectoCarpooling] [           main] o.s.c.a.ClassPathBeanDefinitionScanner   : Ignored because not a concrete top-level class: file [C:\Users\pau20\Downloads\ProyectoCarpooling-master\ProyectoCarpooling-master\target\classes\com\ProyectoCarpooling\app\Repositorio\UserRepositorio.class]
2025-06-07T09:56:06.072-05:00  INFO 25156 --- [ProyectoCarpooling] [           main] .s.d.r.c.RepositoryConfigurationDelegate : Bootstrapping Spring Data MongoDB repositories in DEFAULT mode.
2025-06-07T09:56:06.081-05:00 DEBUG 25156 --- [ProyectoCarpooling] [           main] o.s.b.f.s.DefaultListableBeanFactory     : Creating shared instance of singleton bean 'org.springframework.boot.autoconfigure.AutoConfigurationPackages'
2025-06-07T09:56:06.090-05:00 DEBUG 25156 --- [ProyectoCarpooling] [           main] o.s.b.a.AutoConfigurationPackages        : @EnableAutoConfiguration was declared on a class in the package 'com.ProyectoCarpooling.app'. Automatic @Repository and @Entity scanning is enabled.
2025-06-07T09:56:06.091-05:00 DEBUG 25156 --- [ProyectoCarpooling] [           main] .s.d.r.c.RepositoryConfigurationDelegate : Scanning for MongoDB repositories in packages com.ProyectoCarpooling.app.
2025-06-07T09:56:06.103-05:00 DEBUG 25156 --- [ProyectoCarpooling] [           main] o.s.d.r.c.RepositoryComponentProvider    : Identified candidate component class: file [C:\Users\pau20\Downloads\ProyectoCarpooling-master\ProyectoCarpooling-master\target\classes\com\ProyectoCarpooling\app\Repositorio\CalificacionRepositorio.class]
2025-06-07T09:56:06.104-05:00 DEBUG 25156 --- [ProyectoCarpooling] [           main] o.s.d.r.c.RepositoryComponentProvider    : Identified candidate component class: file [C:\Users\pau20\Downloads\ProyectoCarpooling-master\ProyectoCarpooling-master\target\classes\com\ProyectoCarpooling\app\Repositorio\ReporteRepositorio.class]
2025-06-07T09:56:06.104-05:00 DEBUG 25156 --- [ProyectoCarpooling] [           main] o.s.d.r.c.RepositoryComponentProvider    : Identified candidate component class: file [C:\Users\pau20\Downloads\ProyectoCarpooling-master\ProyectoCarpooling-master\target\classes\com\ProyectoCarpooling\app\Repositorio\RutasRepositorio.class]
2025-06-07T09:56:06.104-05:00 DEBUG 25156 --- [ProyectoCarpooling] [           main] o.s.d.r.c.RepositoryComponentProvider    : Identified candidate component class: file [C:\Users\pau20\Downloads\ProyectoCarpooling-master\ProyectoCarpooling-master\target\classes\com\ProyectoCarpooling\app\Repositorio\SolicitudRepositorio.class]
2025-06-07T09:56:06.104-05:00 DEBUG 25156 --- [ProyectoCarpooling] [           main] o.s.d.r.c.RepositoryComponentProvider    : Identified candidate component class: file [C:\Users\pau20\Downloads\ProyectoCarpooling-master\ProyectoCarpooling-master\target\classes\com\ProyectoCarpooling\app\Repositorio\UserRepositorio.class]
2025-06-07T09:56:06.152-05:00  INFO 25156 --- [ProyectoCarpooling] [           main] .s.d.r.c.RepositoryConfigurationDelegate : Finished Spring Data repository scanning in 58 ms. Found 5 MongoDB repository interfaces.
2025-06-07T09:56:06.265-05:00 DEBUG 25156 --- [ProyectoCarpooling] [           main] o.s.b.f.s.DefaultListableBeanFactory     : Creating shared instance of singleton bean 'propertySourcesPlaceholderConfigurer'
2025-06-07T09:56:06.273-05:00 DEBUG 25156 --- [ProyectoCarpooling] [           main] o.s.b.f.s.DefaultListableBeanFactory     : Creating shared instance of singleton bean 'org.springframework.boot.test.mock.mockito.MockitoPostProcessor'
2025-06-07T09:56:06.275-05:00 DEBUG 25156 --- [ProyectoCarpooling] [           main] o.s.b.f.s.DefaultListableBeanFactory     : Creating shared instance of singleton bean 'org.springframework.boot.sql.init.dependency.DatabaseInitializationDependencyConfigurer$DependsOnDatabaseInitializationPostProcessor'
2025-06-07T09:56:06.324-05:00 DEBUG 25156 --- [ProyectoCarpooling] [           main] o.s.b.f.s.DefaultListableBeanFactory     : Creating shared instance of singleton bean 'org.springframework.context.event.internalEventListenerProcessor'
2025-06-07T09:56:06.326-05:00 DEBUG 25156 --- [ProyectoCarpooling] [           main] o.s.b.f.s.DefaultListableBeanFactory     : Creating shared instance of singleton bean 'preserveErrorControllerTargetClassPostProcessor'
2025-06-07T09:56:06.327-05:00 DEBUG 25156 --- [ProyectoCarpooling] [           main] o.s.b.f.s.DefaultListableBeanFactory     : Creating shared instance of singleton bean 'forceAutoProxyCreatorToUseClassProxying'
2025-06-07T09:56:06.328-05:00 DEBUG 25156 --- [ProyectoCarpooling] [           main] o.s.b.f.s.DefaultListableBeanFactory     : Creating shared instance of singleton bean 'org.springframework.context.event.internalEventListenerFactory'
2025-06-07T09:56:06.337-05:00 DEBUG 25156 --- [ProyectoCarpooling] [           main] o.s.b.f.s.DefaultListableBeanFactory     : Creating shared instance of singleton bean 'org.springframework.boot.test.mock.mockito.MockitoPostProcessor$SpyPostProcessor'
2025-06-07T09:56:06.340-05:00 DEBUG 25156 --- [ProyectoCarpooling] [           main] o.s.b.f.s.DefaultListableBeanFactory     : Creating shared instance of singleton bean 'org.springframework.context.annotation.internalAutowiredAnnotationProcessor'
2025-06-07T09:56:06.343-05:00 DEBUG 25156 --- [ProyectoCarpooling] [           main] o.s.b.f.s.DefaultListableBeanFactory     : Creating shared instance of singleton bean 'org.springframework.context.annotation.internalCommonAnnotationProcessor'
2025-06-07T09:56:06.347-05:00 DEBUG 25156 --- [ProyectoCarpooling] [           main] o.s.b.f.s.DefaultListableBeanFactory     : Creating shared instance of singleton bean 'org.springframework.boot.context.properties.ConfigurationPropertiesBindingPostProcessor'
2025-06-07T09:56:06.348-05:00 DEBUG 25156 --- [ProyectoCarpooling] [           main] o.s.b.f.s.DefaultListableBeanFactory     : Creating shared instance of singleton bean 'org.springframework.boot.context.internalConfigurationPropertiesBinder'
2025-06-07T09:56:06.350-05:00 DEBUG 25156 --- [ProyectoCarpooling] [           main] o.s.b.f.s.DefaultListableBeanFactory     : Creating shared instance of singleton bean 'methodValidationPostProcessor'
2025-06-07T09:56:06.355-05:00 DEBUG 25156 --- [ProyectoCarpooling] [           main] o.s.b.f.s.DefaultListableBeanFactory     : Autowiring by type from bean name 'methodValidationPostProcessor' via factory method to bean named 'environment'
2025-06-07T09:56:06.371-05:00 DEBUG 25156 --- [ProyectoCarpooling] [           main] o.s.b.f.s.DefaultListableBeanFactory     : Creating shared instance of singleton bean 'org.springframework.boot.context.properties.EnableConfigurationPropertiesRegistrar.methodValidationExcludeFilter'
2025-06-07T09:56:06.396-05:00 DEBUG 25156 --- [ProyectoCarpooling] [           main] o.s.b.f.s.DefaultListableBeanFactory     : Creating shared instance of singleton bean 'persistenceExceptionTranslationPostProcessor'
2025-06-07T09:56:06.396-05:00 DEBUG 25156 --- [ProyectoCarpooling] [           main] o.s.b.f.s.DefaultListableBeanFactory     : Autowiring by type from bean name 'persistenceExceptionTranslationPostProcessor' via factory method to bean named 'environment'
2025-06-07T09:56:06.398-05:00 DEBUG 25156 --- [ProyectoCarpooling] [           main] o.s.b.f.s.DefaultListableBeanFactory     : Creating shared instance of singleton bean 'org.springframework.aop.config.internalAutoProxyCreator'
2025-06-07T09:56:06.409-05:00 DEBUG 25156 --- [ProyectoCarpooling] [           main] o.s.b.f.s.DefaultListableBeanFactory     : Creating shared instance of singleton bean 'webServerFactoryCustomizerBeanPostProcessor'
2025-06-07T09:56:06.410-05:00 DEBUG 25156 --- [ProyectoCarpooling] [           main] o.s.b.f.s.DefaultListableBeanFactory     : Creating shared instance of singleton bean 'errorPageRegistrarBeanPostProcessor'
2025-06-07T09:56:06.411-05:00 DEBUG 25156 --- [ProyectoCarpooling] [           main] o.s.b.f.s.DefaultListableBeanFactory     : Creating shared instance of singleton bean 'projectingArgumentResolverBeanPostProcessor'
2025-06-07T09:56:06.429-05:00 DEBUG 25156 --- [ProyectoCarpooling] [           main] o.s.u.c.s.UiApplicationContextUtils      : Unable to locate ThemeSource with name 'themeSource': using default [org.springframework.ui.context.support.ResourceBundleThemeSource@5114b7c7]
2025-06-07T09:56:06.431-05:00 DEBUG 25156 --- [ProyectoCarpooling] [           main] o.s.b.f.s.DefaultListableBeanFactory     : Creating shared instance of singleton bean 'org.springframework.test.context.support.internalDynamicPropertyRegistrarBeanInitializer'
2025-06-07T09:56:06.435-05:00 DEBUG 25156 --- [ProyectoCarpooling] [           main] o.s.b.f.s.DefaultListableBeanFactory     : Creating shared instance of singleton bean 'proyectoCarpoolingApplication'
2025-06-07T09:56:06.436-05:00 DEBUG 25156 --- [ProyectoCarpooling] [           main] o.s.b.f.s.DefaultListableBeanFactory     : Creating shared instance of singleton bean 'adminControlador'
2025-06-07T09:56:06.439-05:00 DEBUG 25156 --- [ProyectoCarpooling] [           main] o.s.b.f.s.DefaultListableBeanFactory     : Creating shared instance of singleton bean 'calificacionControlador'
2025-06-07T09:56:06.445-05:00 DEBUG 25156 --- [ProyectoCarpooling] [           main] o.s.b.f.s.DefaultListableBeanFactory     : Creating shared instance of singleton bean 'calificacionRepositorio'
2025-06-07T09:56:06.450-05:00 DEBUG 25156 --- [ProyectoCarpooling] [           main] o.s.b.f.s.DefaultListableBeanFactory     : Creating shared instance of singleton bean 'mongo.named-queries#0'
2025-06-07T09:56:06.454-05:00 DEBUG 25156 --- [ProyectoCarpooling] [           main] o.s.b.f.s.DefaultListableBeanFactory     : Creating shared instance of singleton bean 'mongodb.CalificacionRepositorio.fragments#0'
2025-06-07T09:56:06.458-05:00 DEBUG 25156 --- [ProyectoCarpooling] [           main] o.s.b.f.s.DefaultListableBeanFactory     : Creating shared instance of singleton bean 'mongoTemplate'
2025-06-07T09:56:06.458-05:00 DEBUG 25156 --- [ProyectoCarpooling] [           main] o.s.b.f.s.DefaultListableBeanFactory     : Creating shared instance of singleton bean 'org.springframework.boot.autoconfigure.data.mongo.MongoDatabaseFactoryDependentConfiguration'
2025-06-07T09:56:06.459-05:00 DEBUG 25156 --- [ProyectoCarpooling] [           main] o.s.b.f.s.DefaultListableBeanFactory     : Creating shared instance of singleton bean 'mongoDatabaseFactory'
2025-06-07T09:56:06.460-05:00 DEBUG 25156 --- [ProyectoCarpooling] [           main] o.s.b.f.s.DefaultListableBeanFactory     : Creating shared instance of singleton bean 'org.springframework.boot.autoconfigure.data.mongo.MongoDatabaseFactoryConfiguration'
2025-06-07T09:56:06.461-05:00 DEBUG 25156 --- [ProyectoCarpooling] [           main] o.s.b.f.s.DefaultListableBeanFactory     : Creating shared instance of singleton bean 'mongo'
2025-06-07T09:56:06.461-05:00 DEBUG 25156 --- [ProyectoCarpooling] [           main] o.s.b.f.s.DefaultListableBeanFactory     : Creating shared instance of singleton bean 'org.springframework.boot.autoconfigure.mongo.MongoAutoConfiguration'
2025-06-07T09:56:06.462-05:00 DEBUG 25156 --- [ProyectoCarpooling] [           main] o.s.b.f.s.DefaultListableBeanFactory     : Creating shared instance of singleton bean 'mongoClientSettings'
2025-06-07T09:56:06.462-05:00 DEBUG 25156 --- [ProyectoCarpooling] [           main] o.s.b.f.s.DefaultListableBeanFactory     : Creating shared instance of singleton bean 'org.springframework.boot.autoconfigure.mongo.MongoAutoConfiguration$MongoClientSettingsConfiguration'
2025-06-07T09:56:06.517-05:00 DEBUG 25156 --- [ProyectoCarpooling] [           main] o.s.b.f.s.DefaultListableBeanFactory     : Autowiring by type from bean name 'mongo' via factory method to bean named 'mongoClientSettings'
2025-06-07T09:56:06.520-05:00 DEBUG 25156 --- [ProyectoCarpooling] [           main] o.s.b.f.s.DefaultListableBeanFactory     : Creating shared instance of singleton bean 'standardMongoSettingsCustomizer'
2025-06-07T09:56:06.521-05:00 DEBUG 25156 --- [ProyectoCarpooling] [           main] o.s.b.f.s.DefaultListableBeanFactory     : Creating shared instance of singleton bean 'spring.data.mongodb-org.springframework.boot.autoconfigure.mongo.MongoProperties'
2025-06-07T09:56:06.522-05:00 DEBUG 25156 --- [ProyectoCarpooling] [           main] o.s.b.f.s.DefaultListableBeanFactory     : Creating shared instance of singleton bean 'org.springframework.boot.context.properties.BoundConfigurationProperties'
2025-06-07T09:56:06.534-05:00 DEBUG 25156 --- [ProyectoCarpooling] [           main] o.s.b.f.s.DefaultListableBeanFactory     : Creating shared instance of singleton bean 'mongoConnectionDetails'
2025-06-07T09:56:06.534-05:00 DEBUG 25156 --- [ProyectoCarpooling] [           main] o.s.b.f.s.DefaultListableBeanFactory     : Autowiring by type from bean name 'mongoConnectionDetails' via factory method to bean named 'spring.data.mongodb-org.springframework.boot.autoconfigure.mongo.MongoProperties'
2025-06-07T09:56:06.537-05:00 DEBUG 25156 --- [ProyectoCarpooling] [           main] o.s.b.f.s.DefaultListableBeanFactory     : Autowiring by type from bean name 'standardMongoSettingsCustomizer' via factory method to bean named 'spring.data.mongodb-org.springframework.boot.autoconfigure.mongo.MongoProperties'
2025-06-07T09:56:06.538-05:00 DEBUG 25156 --- [ProyectoCarpooling] [           main] o.s.b.f.s.DefaultListableBeanFactory     : Autowiring by type from bean name 'standardMongoSettingsCustomizer' via factory method to bean named 'mongoConnectionDetails'
2025-06-07T09:56:06.743-05:00 DEBUG 25156 --- [ProyectoCarpooling] [           main] o.s.b.f.s.DefaultListableBeanFactory     : Creating shared instance of singleton bean 'sslBundleRegistry'
2025-06-07T09:56:06.744-05:00 DEBUG 25156 --- [ProyectoCarpooling] [           main] o.s.b.f.s.DefaultListableBeanFactory     : Creating shared instance of singleton bean 'org.springframework.boot.autoconfigure.ssl.SslAutoConfiguration'
2025-06-07T09:56:06.745-05:00 DEBUG 25156 --- [ProyectoCarpooling] [           main] o.s.b.f.s.DefaultListableBeanFactory     : Creating shared instance of singleton bean 'spring.ssl-org.springframework.boot.autoconfigure.ssl.SslProperties'
2025-06-07T09:56:06.747-05:00 DEBUG 25156 --- [ProyectoCarpooling] [           main] o.s.b.f.s.DefaultListableBeanFactory     : Autowiring by type from bean name 'org.springframework.boot.autoconfigure.ssl.SslAutoConfiguration' via constructor to bean named 'org.springframework.web.context.support.GenericWebApplicationContext@3b4ef7'
2025-06-07T09:56:06.747-05:00 DEBUG 25156 --- [ProyectoCarpooling] [           main] o.s.b.f.s.DefaultListableBeanFactory     : Autowiring by type from bean name 'org.springframework.boot.autoconfigure.ssl.SslAutoConfiguration' via constructor to bean named 'spring.ssl-org.springframework.boot.autoconfigure.ssl.SslProperties'
2025-06-07T09:56:06.752-05:00 DEBUG 25156 --- [ProyectoCarpooling] [           main] o.s.b.f.s.DefaultListableBeanFactory     : Creating shared instance of singleton bean 'sslPropertiesSslBundleRegistrar'
2025-06-07T09:56:06.753-05:00 DEBUG 25156 --- [ProyectoCarpooling] [           main] o.s.b.f.s.DefaultListableBeanFactory     : Creating shared instance of singleton bean 'fileWatcher'
2025-06-07T09:56:06.756-05:00 DEBUG 25156 --- [ProyectoCarpooling] [           main] o.s.b.f.s.DefaultListableBeanFactory     : Autowiring by type from bean name 'sslPropertiesSslBundleRegistrar' via factory method to bean named 'fileWatcher'
2025-06-07T09:56:06.817-05:00  INFO 25156 --- [ProyectoCarpooling] [qn6.mongodb.net] org.mongodb.driver.cluster               : Adding discovered server ac-olqikfz-shard-00-00.nflwqn6.mongodb.net:27017 to client view of cluster
2025-06-07T09:56:06.840-05:00  INFO 25156 --- [ProyectoCarpooling] [           main] org.mongodb.driver.client                : MongoClient with metadata {"driver": {"name": "mongo-java-driver|sync|spring-boot", "version": "5.2.1"}, "os": {"type": "Windows", "name": "Windows 11", "architecture": "amd64", "version": "10.0"}, "platform": "Java/Eclipse Adoptium/21.0.6+7-LTS"} created with settings MongoClientSettings{readPreference=primary, writeConcern=WriteConcern{w=null, wTimeout=null ms, journal=null}, retryWrites=true, retryReads=true, readConcern=ReadConcern{level=null}, credential=MongoCredential{mechanism=null, userName='pau2004ortiz', source='admin', password=<hidden>, mechanismProperties=<hidden>}, transportSettings=null, commandListeners=[], codecRegistry=ProvidersCodecRegistry{codecProviders=[ValueCodecProvider{}, BsonValueCodecProvider{}, DBRefCodecProvider{}, DBObjectCodecProvider{}, DocumentCodecProvider{}, CollectionCodecProvider{}, IterableCodecProvider{}, MapCodecProvider{}, GeoJsonCodecProvider{}, GridFSFileCodecProvider{}, Jsr310CodecProvider{}, JsonObjectCodecProvider{}, BsonCodecProvider{}, EnumCodecProvider{}, com.mongodb.client.model.mql.ExpressionCodecProvider@7951c3a2, com.mongodb.Jep395RecordCodecProvider@4ed9f7b1, com.mongodb.KotlinCodecProvider@2d119405]}, loggerSettings=LoggerSettings{maxDocumentLength=1000}, clusterSettings={hosts=[127.0.0.1:27017], srvHost=carpooling.nflwqn6.mongodb.net, srvServiceName=mongodb, mode=MULTIPLE, requiredClusterType=REPLICA_SET, requiredReplicaSetName='atlas-4g98pa-shard-0', serverSelector='null', clusterListeners='[]', serverSelectionTimeout='30000 ms', localThreshold='15 ms'}, socketSettings=SocketSettings{connectTimeoutMS=10000, readTimeoutMS=0, receiveBufferSize=0, proxySettings=ProxySettings{host=null, port=null, username=null, password=null}}, heartbeatSocketSettings=SocketSettings{connectTimeoutMS=10000, readTimeoutMS=10000, receiveBufferSize=0, proxySettings=ProxySettings{host=null, port=null, username=null, password=null}}, connectionPoolSettings=ConnectionPoolSettings{maxSize=100, minSize=0, maxWaitTimeMS=120000, maxConnectionLifeTimeMS=0, maxConnectionIdleTimeMS=0, maintenanceInitialDelayMS=0, maintenanceFrequencyMS=60000, connectionPoolListeners=[], maxConnecting=2}, serverSettings=ServerSettings{heartbeatFrequencyMS=10000, minHeartbeatFrequencyMS=500, serverMonitoringMode=AUTO, serverListeners='[]', serverMonitorListeners='[]'}, sslSettings=SslSettings{enabled=true, invalidHostNameAllowed=false, context=null}, applicationName='null', compressorList=[], uuidRepresentation=JAVA_LEGACY, serverApi=null, autoEncryptionSettings=null, dnsClient=null, inetAddressResolver=null, contextProvider=null, timeoutMS=null}
2025-06-07T09:56:06.843-05:00 DEBUG 25156 --- [ProyectoCarpooling] [           main] o.s.b.f.s.DefaultListableBeanFactory     : Autowiring by type from bean name 'mongoDatabaseFactory' via factory method to bean named 'mongo'
2025-06-07T09:56:06.844-05:00 DEBUG 25156 --- [ProyectoCarpooling] [           main] o.s.b.f.s.DefaultListableBeanFactory     : Autowiring by type from bean name 'mongoDatabaseFactory' via factory method to bean named 'spring.data.mongodb-org.springframework.boot.autoconfigure.mongo.MongoProperties'
2025-06-07T09:56:06.844-05:00 DEBUG 25156 --- [ProyectoCarpooling] [           main] o.s.b.f.s.DefaultListableBeanFactory     : Autowiring by type from bean name 'mongoDatabaseFactory' via factory method to bean named 'mongoConnectionDetails'
2025-06-07T09:56:06.853-05:00 DEBUG 25156 --- [ProyectoCarpooling] [           main] o.s.b.f.s.DefaultListableBeanFactory     : Creating shared instance of singleton bean 'mappingMongoConverter'
2025-06-07T09:56:06.853-05:00 DEBUG 25156 --- [ProyectoCarpooling] [           main] o.s.b.f.s.DefaultListableBeanFactory     : Creating shared instance of singleton bean 'org.springframework.boot.autoconfigure.data.mongo.MongoDataConfiguration'
2025-06-07T09:56:06.855-05:00 DEBUG 25156 --- [ProyectoCarpooling] [           main] o.s.b.f.s.DefaultListableBeanFactory     : Creating shared instance of singleton bean 'mongoMappingContext'
2025-06-07T09:56:06.856-05:00 DEBUG 25156 --- [ProyectoCarpooling] [           main] o.s.b.f.s.DefaultListableBeanFactory     : Creating shared instance of singleton bean 'mongoCustomConversions'
2025-06-07T09:56:06.859-05:00  INFO 25156 --- [ProyectoCarpooling] [qn6.mongodb.net] org.mongodb.driver.cluster               : Adding discovered server ac-olqikfz-shard-00-01.nflwqn6.mongodb.net:27017 to client view of cluster
2025-06-07T09:56:06.863-05:00  INFO 25156 --- [ProyectoCarpooling] [qn6.mongodb.net] org.mongodb.driver.cluster               : Adding discovered server ac-olqikfz-shard-00-02.nflwqn6.mongodb.net:27017 to client view of cluster
2025-06-07T09:56:07.013-05:00 DEBUG 25156 --- [ProyectoCarpooling] [           main] o.s.data.convert.CustomConversions       : Adding converter from class java.lang.Character to class java.lang.String as writing converter
2025-06-07T09:56:07.014-05:00 DEBUG 25156 --- [ProyectoCarpooling] [           main] o.s.data.convert.CustomConversions       : Adding converter from class java.util.Locale to class java.lang.String as writing converter
2025-06-07T09:56:07.015-05:00 DEBUG 25156 --- [ProyectoCarpooling] [           main] o.s.data.convert.CustomConversions       : Adding converter from class java.math.BigDecimal to class java.lang.String as writing converter
2025-06-07T09:56:07.015-05:00 DEBUG 25156 --- [ProyectoCarpooling] [           main] o.s.data.convert.CustomConversions       : Adding converter from class java.math.BigDecimal to class org.bson.types.Decimal128 as writing converter
2025-06-07T09:56:07.016-05:00 DEBUG 25156 --- [ProyectoCarpooling] [           main] o.s.data.convert.CustomConversions       : Adding converter from class java.lang.String to class java.math.BigDecimal as reading converter
2025-06-07T09:56:07.016-05:00 DEBUG 25156 --- [ProyectoCarpooling] [           main] o.s.data.convert.CustomConversions       : Adding converter from class org.bson.types.Decimal128 to class java.math.BigDecimal as reading converter
2025-06-07T09:56:07.016-05:00 DEBUG 25156 --- [ProyectoCarpooling] [           main] o.s.data.convert.CustomConversions       : Adding converter from class java.math.BigInteger to class java.lang.String as writing converter
2025-06-07T09:56:07.016-05:00 DEBUG 25156 --- [ProyectoCarpooling] [           main] o.s.data.convert.CustomConversions       : Adding converter from class java.lang.String to class java.math.BigInteger as reading converter
2025-06-07T09:56:07.017-05:00 DEBUG 25156 --- [ProyectoCarpooling] [           main] o.s.data.convert.CustomConversions       : Adding converter from class java.net.URL to class java.lang.String as writing converter
2025-06-07T09:56:07.017-05:00 DEBUG 25156 --- [ProyectoCarpooling] [           main] o.s.data.convert.CustomConversions       : Adding converter from class java.lang.String to class java.net.URL as reading converter
2025-06-07T09:56:07.017-05:00 DEBUG 25156 --- [ProyectoCarpooling] [           main] o.s.data.convert.CustomConversions       : Adding converter from class org.bson.Document to class java.lang.String as reading converter
2025-06-07T09:56:07.017-05:00 DEBUG 25156 --- [ProyectoCarpooling] [           main] o.s.data.convert.CustomConversions       : Adding converter from class org.springframework.data.mongodb.core.query.Term to class java.lang.String as writing converter
2025-06-07T09:56:07.017-05:00 DEBUG 25156 --- [ProyectoCarpooling] [           main] o.s.data.convert.CustomConversions       : Adding converter from class org.springframework.data.mongodb.core.script.NamedMongoScript to class org.bson.Document as writing converter
2025-06-07T09:56:07.018-05:00 DEBUG 25156 --- [ProyectoCarpooling] [           main] o.s.data.convert.CustomConversions       : Adding converter from class org.bson.Document to class org.springframework.data.mongodb.core.script.NamedMongoScript as reading converter
2025-06-07T09:56:07.018-05:00 DEBUG 25156 --- [ProyectoCarpooling] [           main] o.s.data.convert.CustomConversions       : Adding converter from class java.util.Currency to class java.lang.String as writing converter
2025-06-07T09:56:07.018-05:00 DEBUG 25156 --- [ProyectoCarpooling] [           main] o.s.data.convert.CustomConversions       : Adding converter from class java.lang.String to class java.util.Currency as reading converter
2025-06-07T09:56:07.018-05:00 DEBUG 25156 --- [ProyectoCarpooling] [           main] o.s.data.convert.CustomConversions       : Adding converter from class java.util.concurrent.atomic.AtomicInteger to class java.lang.Integer as writing converter
2025-06-07T09:56:07.018-05:00 DEBUG 25156 --- [ProyectoCarpooling] [           main] o.s.data.convert.CustomConversions       : Adding converter from class java.util.concurrent.atomic.AtomicLong to class java.lang.Long as writing converter
2025-06-07T09:56:07.018-05:00 DEBUG 25156 --- [ProyectoCarpooling] [           main] o.s.data.convert.CustomConversions       : Adding converter from class java.lang.Long to class java.util.concurrent.atomic.AtomicLong as reading converter
2025-06-07T09:56:07.018-05:00 DEBUG 25156 --- [ProyectoCarpooling] [           main] o.s.data.convert.CustomConversions       : Adding converter from class java.lang.Integer to class java.util.concurrent.atomic.AtomicInteger as reading converter
2025-06-07T09:56:07.019-05:00 DEBUG 25156 --- [ProyectoCarpooling] [           main] o.s.data.convert.CustomConversions       : Adding converter from class org.bson.types.Binary to class [B as reading converter
2025-06-07T09:56:07.019-05:00 DEBUG 25156 --- [ProyectoCarpooling] [           main] o.s.data.convert.CustomConversions       : Adding converter from class org.bson.BsonTimestamp to class java.time.Instant as reading converter
2025-06-07T09:56:07.019-05:00 DEBUG 25156 --- [ProyectoCarpooling] [           main] o.s.data.convert.CustomConversions       : Adding converter from class org.bson.BsonUndefined to class java.lang.Object as reading converter
2025-06-07T09:56:07.019-05:00 DEBUG 25156 --- [ProyectoCarpooling] [           main] o.s.data.convert.CustomConversions       : Adding converter from class java.lang.String to class java.net.URI as reading converter
2025-06-07T09:56:07.019-05:00 DEBUG 25156 --- [ProyectoCarpooling] [           main] o.s.data.convert.CustomConversions       : Adding converter from class java.net.URI to class java.lang.String as writing converter
2025-06-07T09:56:07.019-05:00 DEBUG 25156 --- [ProyectoCarpooling] [           main] o.s.data.convert.CustomConversions       : Adding converter from class org.springframework.data.geo.Box to class org.bson.Document as writing converter
2025-06-07T09:56:07.020-05:00 DEBUG 25156 --- [ProyectoCarpooling] [           main] o.s.data.convert.CustomConversions       : Adding converter from class org.springframework.data.geo.Polygon to class org.bson.Document as writing converter
2025-06-07T09:56:07.020-05:00 DEBUG 25156 --- [ProyectoCarpooling] [           main] o.s.data.convert.CustomConversions       : Adding converter from class org.springframework.data.geo.Circle to class org.bson.Document as writing converter
2025-06-07T09:56:07.020-05:00 DEBUG 25156 --- [ProyectoCarpooling] [           main] o.s.data.convert.CustomConversions       : Adding converter from class org.springframework.data.mongodb.core.geo.Sphere to class org.bson.Document as writing converter
2025-06-07T09:56:07.020-05:00 DEBUG 25156 --- [ProyectoCarpooling] [           main] o.s.data.convert.CustomConversions       : Adding converter from class org.bson.Document to class org.springframework.data.geo.Box as reading converter
2025-06-07T09:56:07.020-05:00 DEBUG 25156 --- [ProyectoCarpooling] [           main] o.s.data.convert.CustomConversions       : Adding converter from class org.bson.Document to class org.springframework.data.geo.Polygon as reading converter
2025-06-07T09:56:07.020-05:00 DEBUG 25156 --- [ProyectoCarpooling] [           main] o.s.data.convert.CustomConversions       : Adding converter from class org.bson.Document to class org.springframework.data.geo.Circle as reading converter
2025-06-07T09:56:07.021-05:00 DEBUG 25156 --- [ProyectoCarpooling] [           main] o.s.data.convert.CustomConversions       : Adding converter from class org.bson.Document to class org.springframework.data.mongodb.core.geo.Sphere as reading converter
2025-06-07T09:56:07.021-05:00 DEBUG 25156 --- [ProyectoCarpooling] [           main] o.s.data.convert.CustomConversions       : Adding converter from class org.bson.Document to class org.springframework.data.geo.Point as reading converter
2025-06-07T09:56:07.021-05:00 DEBUG 25156 --- [ProyectoCarpooling] [           main] o.s.data.convert.CustomConversions       : Adding converter from class org.springframework.data.geo.Point to class org.bson.Document as writing converter
2025-06-07T09:56:07.021-05:00 DEBUG 25156 --- [ProyectoCarpooling] [           main] o.s.data.convert.CustomConversions       : Adding converter from class org.springframework.data.mongodb.core.query.GeoCommand to class org.bson.Document as writing converter
2025-06-07T09:56:07.021-05:00 DEBUG 25156 --- [ProyectoCarpooling] [           main] o.s.data.convert.CustomConversions       : Adding converter from interface org.springframework.data.mongodb.core.geo.GeoJson to class org.bson.Document as writing converter
2025-06-07T09:56:07.021-05:00 DEBUG 25156 --- [ProyectoCarpooling] [           main] o.s.data.convert.CustomConversions       : Adding converter from class org.springframework.data.mongodb.core.geo.GeoJsonPoint to class org.bson.Document as writing converter
2025-06-07T09:56:07.021-05:00 DEBUG 25156 --- [ProyectoCarpooling] [           main] o.s.data.convert.CustomConversions       : Adding converter from class org.springframework.data.mongodb.core.geo.GeoJsonPolygon to class org.bson.Document as writing converter
2025-06-07T09:56:07.021-05:00 DEBUG 25156 --- [ProyectoCarpooling] [           main] o.s.data.convert.CustomConversions       : Adding converter from class org.bson.Document to class org.springframework.data.mongodb.core.geo.GeoJsonPoint as reading converter
2025-06-07T09:56:07.021-05:00 DEBUG 25156 --- [ProyectoCarpooling] [           main] o.s.data.convert.CustomConversions       : Adding converter from class org.bson.Document to class org.springframework.data.mongodb.core.geo.GeoJsonPolygon as reading converter
2025-06-07T09:56:07.022-05:00 DEBUG 25156 --- [ProyectoCarpooling] [           main] o.s.data.convert.CustomConversions       : Adding converter from class org.bson.Document to class org.springframework.data.mongodb.core.geo.GeoJsonLineString as reading converter
2025-06-07T09:56:07.022-05:00 DEBUG 25156 --- [ProyectoCarpooling] [           main] o.s.data.convert.CustomConversions       : Adding converter from class org.bson.Document to class org.springframework.data.mongodb.core.geo.GeoJsonMultiLineString as reading converter
2025-06-07T09:56:07.022-05:00 DEBUG 25156 --- [ProyectoCarpooling] [           main] o.s.data.convert.CustomConversions       : Adding converter from class org.bson.Document to class org.springframework.data.mongodb.core.geo.GeoJsonMultiPoint as reading converter
2025-06-07T09:56:07.022-05:00 DEBUG 25156 --- [ProyectoCarpooling] [           main] o.s.data.convert.CustomConversions       : Adding converter from class org.bson.Document to class org.springframework.data.mongodb.core.geo.GeoJsonMultiPolygon as reading converter
2025-06-07T09:56:07.022-05:00 DEBUG 25156 --- [ProyectoCarpooling] [           main] o.s.data.convert.CustomConversions       : Adding converter from class org.bson.Document to class org.springframework.data.mongodb.core.geo.GeoJsonGeometryCollection as reading converter
2025-06-07T09:56:07.022-05:00 DEBUG 25156 --- [ProyectoCarpooling] [           main] o.s.data.convert.CustomConversions       : Adding converter from class org.bson.Document to interface org.springframework.data.mongodb.core.geo.GeoJson as reading converter
2025-06-07T09:56:07.022-05:00 DEBUG 25156 --- [ProyectoCarpooling] [           main] o.s.data.convert.CustomConversions       : Adding converter from class java.util.Date to class java.time.LocalDateTime as reading converter
2025-06-07T09:56:07.022-05:00 DEBUG 25156 --- [ProyectoCarpooling] [           main] o.s.data.convert.CustomConversions       : Adding converter from class java.time.LocalDateTime to class java.util.Date as writing converter
2025-06-07T09:56:07.022-05:00 DEBUG 25156 --- [ProyectoCarpooling] [           main] o.s.data.convert.CustomConversions       : Adding converter from class java.util.Date to class java.time.LocalDate as reading converter
2025-06-07T09:56:07.022-05:00 DEBUG 25156 --- [ProyectoCarpooling] [           main] o.s.data.convert.CustomConversions       : Adding converter from class java.time.LocalDate to class java.util.Date as writing converter
2025-06-07T09:56:07.023-05:00 DEBUG 25156 --- [ProyectoCarpooling] [           main] o.s.data.convert.CustomConversions       : Adding converter from class java.util.Date to class java.time.LocalTime as reading converter
2025-06-07T09:56:07.023-05:00 DEBUG 25156 --- [ProyectoCarpooling] [           main] o.s.data.convert.CustomConversions       : Adding converter from class java.time.LocalTime to class java.util.Date as writing converter
2025-06-07T09:56:07.023-05:00 DEBUG 25156 --- [ProyectoCarpooling] [           main] o.s.data.convert.CustomConversions       : Adding converter from class java.util.Date to class java.time.Instant as reading converter
2025-06-07T09:56:07.023-05:00 DEBUG 25156 --- [ProyectoCarpooling] [           main] o.s.data.convert.CustomConversions       : Adding converter from class java.time.Instant to class java.util.Date as writing converter
2025-06-07T09:56:07.023-05:00 DEBUG 25156 --- [ProyectoCarpooling] [           main] o.s.data.convert.CustomConversions       : Skipping converter from class java.time.LocalDateTime to class java.time.Instant as reading converter class java.time.LocalDateTime is not a store supported simple type
2025-06-07T09:56:07.023-05:00 DEBUG 25156 --- [ProyectoCarpooling] [           main] o.s.data.convert.CustomConversions       : Skipping converter from class java.time.Instant to class java.time.LocalDateTime as reading converter class java.time.Instant is not a store supported simple type
2025-06-07T09:56:07.023-05:00 DEBUG 25156 --- [ProyectoCarpooling] [           main] o.s.data.convert.CustomConversions       : Adding converter from class java.time.ZoneId to class java.lang.String as writing converter
2025-06-07T09:56:07.023-05:00 DEBUG 25156 --- [ProyectoCarpooling] [           main] o.s.data.convert.CustomConversions       : Adding converter from class java.lang.String to class java.time.ZoneId as reading converter
2025-06-07T09:56:07.023-05:00 DEBUG 25156 --- [ProyectoCarpooling] [           main] o.s.data.convert.CustomConversions       : Adding converter from class java.time.Duration to class java.lang.String as writing converter
2025-06-07T09:56:07.023-05:00 DEBUG 25156 --- [ProyectoCarpooling] [           main] o.s.data.convert.CustomConversions       : Adding converter from class java.lang.String to class java.time.Duration as reading converter
2025-06-07T09:56:07.023-05:00 DEBUG 25156 --- [ProyectoCarpooling] [           main] o.s.data.convert.CustomConversions       : Adding converter from class java.time.Period to class java.lang.String as writing converter
2025-06-07T09:56:07.023-05:00 DEBUG 25156 --- [ProyectoCarpooling] [           main] o.s.data.convert.CustomConversions       : Adding converter from class java.lang.String to class java.time.Period as reading converter
2025-06-07T09:56:07.023-05:00 DEBUG 25156 --- [ProyectoCarpooling] [           main] o.s.data.convert.CustomConversions       : Adding converter from class java.lang.String to class java.time.LocalDate as reading converter
2025-06-07T09:56:07.023-05:00 DEBUG 25156 --- [ProyectoCarpooling] [           main] o.s.data.convert.CustomConversions       : Adding converter from class java.lang.String to class java.time.LocalDateTime as reading converter
2025-06-07T09:56:07.024-05:00 DEBUG 25156 --- [ProyectoCarpooling] [           main] o.s.data.convert.CustomConversions       : Adding converter from class java.lang.String to class java.time.Instant as reading converter
2025-06-07T09:56:07.027-05:00 DEBUG 25156 --- [ProyectoCarpooling] [           main] o.s.b.f.s.DefaultListableBeanFactory     : Creating shared instance of singleton bean 'mongoManagedTypes'
2025-06-07T09:56:07.028-05:00 DEBUG 25156 --- [ProyectoCarpooling] [           main] o.s.b.f.s.DefaultListableBeanFactory     : Autowiring by type from bean name 'mongoManagedTypes' via factory method to bean named 'org.springframework.web.context.support.GenericWebApplicationContext@3b4ef7'
2025-06-07T09:56:07.035-05:00 DEBUG 25156 --- [ProyectoCarpooling] [           main] ssPathScanningCandidateComponentProvider : Identified candidate component class: file [C:\Users\pau20\Downloads\ProyectoCarpooling-master\ProyectoCarpooling-master\target\classes\com\ProyectoCarpooling\app\Entidad\Calificacion.class]
2025-06-07T09:56:07.035-05:00 DEBUG 25156 --- [ProyectoCarpooling] [           main] ssPathScanningCandidateComponentProvider : Identified candidate component class: file [C:\Users\pau20\Downloads\ProyectoCarpooling-master\ProyectoCarpooling-master\target\classes\com\ProyectoCarpooling\app\Entidad\Reporte.class]
2025-06-07T09:56:07.036-05:00 DEBUG 25156 --- [ProyectoCarpooling] [           main] ssPathScanningCandidateComponentProvider : Identified candidate component class: file [C:\Users\pau20\Downloads\ProyectoCarpooling-master\ProyectoCarpooling-master\target\classes\com\ProyectoCarpooling\app\Entidad\Rutas.class]
2025-06-07T09:56:07.036-05:00 DEBUG 25156 --- [ProyectoCarpooling] [           main] ssPathScanningCandidateComponentProvider : Identified candidate component class: file [C:\Users\pau20\Downloads\ProyectoCarpooling-master\ProyectoCarpooling-master\target\classes\com\ProyectoCarpooling\app\Entidad\Solicitud.class]
2025-06-07T09:56:07.036-05:00 DEBUG 25156 --- [ProyectoCarpooling] [           main] ssPathScanningCandidateComponentProvider : Identified candidate component class: file [C:\Users\pau20\Downloads\ProyectoCarpooling-master\ProyectoCarpooling-master\target\classes\com\ProyectoCarpooling\app\Entidad\User.class]
2025-06-07T09:56:07.038-05:00 DEBUG 25156 --- [ProyectoCarpooling] [           main] o.s.b.f.s.DefaultListableBeanFactory     : Autowiring by type from bean name 'mongoMappingContext' via factory method to bean named 'spring.data.mongodb-org.springframework.boot.autoconfigure.mongo.MongoProperties'
2025-06-07T09:56:07.038-05:00 DEBUG 25156 --- [ProyectoCarpooling] [           main] o.s.b.f.s.DefaultListableBeanFactory     : Autowiring by type from bean name 'mongoMappingContext' via factory method to bean named 'mongoCustomConversions'
2025-06-07T09:56:07.038-05:00 DEBUG 25156 --- [ProyectoCarpooling] [           main] o.s.b.f.s.DefaultListableBeanFactory     : Autowiring by type from bean name 'mongoMappingContext' via factory method to bean named 'mongoManagedTypes'
2025-06-07T09:56:07.186-05:00 DEBUG 25156 --- [ProyectoCarpooling] [           main] o.s.b.f.s.DefaultListableBeanFactory     : Autowiring by type from bean name 'mappingMongoConverter' via factory method to bean named 'mongoMappingContext'
2025-06-07T09:56:07.187-05:00 DEBUG 25156 --- [ProyectoCarpooling] [           main] o.s.b.f.s.DefaultListableBeanFactory     : Autowiring by type from bean name 'mappingMongoConverter' via factory method to bean named 'mongoCustomConversions'
2025-06-07T09:56:07.199-05:00 DEBUG 25156 --- [ProyectoCarpooling] [           main] o.s.data.convert.CustomConversions       : Adding converter from class java.lang.Character to class java.lang.String as writing converter
2025-06-07T09:56:07.200-05:00 DEBUG 25156 --- [ProyectoCarpooling] [           main] o.s.data.convert.CustomConversions       : Adding converter from class java.util.Locale to class java.lang.String as writing converter
2025-06-07T09:56:07.200-05:00 DEBUG 25156 --- [ProyectoCarpooling] [           main] o.s.data.convert.CustomConversions       : Adding converter from class java.math.BigDecimal to class java.lang.String as writing converter
2025-06-07T09:56:07.201-05:00 DEBUG 25156 --- [ProyectoCarpooling] [           main] o.s.data.convert.CustomConversions       : Adding converter from class java.math.BigDecimal to class org.bson.types.Decimal128 as writing converter
2025-06-07T09:56:07.201-05:00 DEBUG 25156 --- [ProyectoCarpooling] [           main] o.s.data.convert.CustomConversions       : Adding converter from class java.lang.String to class java.math.BigDecimal as reading converter
2025-06-07T09:56:07.201-05:00 DEBUG 25156 --- [ProyectoCarpooling] [           main] o.s.data.convert.CustomConversions       : Adding converter from class org.bson.types.Decimal128 to class java.math.BigDecimal as reading converter
2025-06-07T09:56:07.201-05:00 DEBUG 25156 --- [ProyectoCarpooling] [           main] o.s.data.convert.CustomConversions       : Adding converter from class java.math.BigInteger to class java.lang.String as writing converter
2025-06-07T09:56:07.202-05:00 DEBUG 25156 --- [ProyectoCarpooling] [           main] o.s.data.convert.CustomConversions       : Adding converter from class java.lang.String to class java.math.BigInteger as reading converter
2025-06-07T09:56:07.202-05:00 DEBUG 25156 --- [ProyectoCarpooling] [           main] o.s.data.convert.CustomConversions       : Adding converter from class java.net.URL to class java.lang.String as writing converter
2025-06-07T09:56:07.202-05:00 DEBUG 25156 --- [ProyectoCarpooling] [           main] o.s.data.convert.CustomConversions       : Adding converter from class java.lang.String to class java.net.URL as reading converter
2025-06-07T09:56:07.202-05:00 DEBUG 25156 --- [ProyectoCarpooling] [           main] o.s.data.convert.CustomConversions       : Adding converter from class org.bson.Document to class java.lang.String as reading converter
2025-06-07T09:56:07.202-05:00 DEBUG 25156 --- [ProyectoCarpooling] [           main] o.s.data.convert.CustomConversions       : Adding converter from class org.springframework.data.mongodb.core.query.Term to class java.lang.String as writing converter
2025-06-07T09:56:07.202-05:00 DEBUG 25156 --- [ProyectoCarpooling] [           main] o.s.data.convert.CustomConversions       : Adding converter from class org.springframework.data.mongodb.core.script.NamedMongoScript to class org.bson.Document as writing converter
2025-06-07T09:56:07.202-05:00 DEBUG 25156 --- [ProyectoCarpooling] [           main] o.s.data.convert.CustomConversions       : Adding converter from class org.bson.Document to class org.springframework.data.mongodb.core.script.NamedMongoScript as reading converter
2025-06-07T09:56:07.202-05:00 DEBUG 25156 --- [ProyectoCarpooling] [           main] o.s.data.convert.CustomConversions       : Adding converter from class java.util.Currency to class java.lang.String as writing converter
2025-06-07T09:56:07.203-05:00 DEBUG 25156 --- [ProyectoCarpooling] [           main] o.s.data.convert.CustomConversions       : Adding converter from class java.lang.String to class java.util.Currency as reading converter
2025-06-07T09:56:07.203-05:00 DEBUG 25156 --- [ProyectoCarpooling] [           main] o.s.data.convert.CustomConversions       : Adding converter from class java.util.concurrent.atomic.AtomicInteger to class java.lang.Integer as writing converter
2025-06-07T09:56:07.203-05:00 DEBUG 25156 --- [ProyectoCarpooling] [           main] o.s.data.convert.CustomConversions       : Adding converter from class java.util.concurrent.atomic.AtomicLong to class java.lang.Long as writing converter
2025-06-07T09:56:07.203-05:00 DEBUG 25156 --- [ProyectoCarpooling] [           main] o.s.data.convert.CustomConversions       : Adding converter from class java.lang.Long to class java.util.concurrent.atomic.AtomicLong as reading converter
2025-06-07T09:56:07.203-05:00 DEBUG 25156 --- [ProyectoCarpooling] [           main] o.s.data.convert.CustomConversions       : Adding converter from class java.lang.Integer to class java.util.concurrent.atomic.AtomicInteger as reading converter
2025-06-07T09:56:07.203-05:00 DEBUG 25156 --- [ProyectoCarpooling] [           main] o.s.data.convert.CustomConversions       : Adding converter from class org.bson.types.Binary to class [B as reading converter
2025-06-07T09:56:07.204-05:00 DEBUG 25156 --- [ProyectoCarpooling] [           main] o.s.data.convert.CustomConversions       : Adding converter from class org.bson.BsonTimestamp to class java.time.Instant as reading converter
2025-06-07T09:56:07.204-05:00 DEBUG 25156 --- [ProyectoCarpooling] [           main] o.s.data.convert.CustomConversions       : Adding converter from class org.bson.BsonUndefined to class java.lang.Object as reading converter
2025-06-07T09:56:07.204-05:00 DEBUG 25156 --- [ProyectoCarpooling] [           main] o.s.data.convert.CustomConversions       : Adding converter from class java.lang.String to class java.net.URI as reading converter
2025-06-07T09:56:07.204-05:00 DEBUG 25156 --- [ProyectoCarpooling] [           main] o.s.data.convert.CustomConversions       : Adding converter from class java.net.URI to class java.lang.String as writing converter
2025-06-07T09:56:07.204-05:00 DEBUG 25156 --- [ProyectoCarpooling] [           main] o.s.data.convert.CustomConversions       : Adding converter from class org.springframework.data.geo.Box to class org.bson.Document as writing converter
2025-06-07T09:56:07.204-05:00 DEBUG 25156 --- [ProyectoCarpooling] [           main] o.s.data.convert.CustomConversions       : Adding converter from class org.springframework.data.geo.Polygon to class org.bson.Document as writing converter
2025-06-07T09:56:07.204-05:00 DEBUG 25156 --- [ProyectoCarpooling] [           main] o.s.data.convert.CustomConversions       : Adding converter from class org.springframework.data.geo.Circle to class org.bson.Document as writing converter
2025-06-07T09:56:07.204-05:00 DEBUG 25156 --- [ProyectoCarpooling] [           main] o.s.data.convert.CustomConversions       : Adding converter from class org.springframework.data.mongodb.core.geo.Sphere to class org.bson.Document as writing converter
2025-06-07T09:56:07.204-05:00 DEBUG 25156 --- [ProyectoCarpooling] [           main] o.s.data.convert.CustomConversions       : Adding converter from class org.bson.Document to class org.springframework.data.geo.Box as reading converter
2025-06-07T09:56:07.204-05:00 DEBUG 25156 --- [ProyectoCarpooling] [           main] o.s.data.convert.CustomConversions       : Adding converter from class org.bson.Document to class org.springframework.data.geo.Polygon as reading converter
2025-06-07T09:56:07.204-05:00 DEBUG 25156 --- [ProyectoCarpooling] [           main] o.s.data.convert.CustomConversions       : Adding converter from class org.bson.Document to class org.springframework.data.geo.Circle as reading converter
2025-06-07T09:56:07.204-05:00 DEBUG 25156 --- [ProyectoCarpooling] [           main] o.s.data.convert.CustomConversions       : Adding converter from class org.bson.Document to class org.springframework.data.mongodb.core.geo.Sphere as reading converter
2025-06-07T09:56:07.204-05:00 DEBUG 25156 --- [ProyectoCarpooling] [           main] o.s.data.convert.CustomConversions       : Adding converter from class org.bson.Document to class org.springframework.data.geo.Point as reading converter
2025-06-07T09:56:07.205-05:00 DEBUG 25156 --- [ProyectoCarpooling] [           main] o.s.data.convert.CustomConversions       : Adding converter from class org.springframework.data.geo.Point to class org.bson.Document as writing converter
2025-06-07T09:56:07.205-05:00 DEBUG 25156 --- [ProyectoCarpooling] [           main] o.s.data.convert.CustomConversions       : Adding converter from class org.springframework.data.mongodb.core.query.GeoCommand to class org.bson.Document as writing converter
2025-06-07T09:56:07.205-05:00 DEBUG 25156 --- [ProyectoCarpooling] [           main] o.s.data.convert.CustomConversions       : Adding converter from interface org.springframework.data.mongodb.core.geo.GeoJson to class org.bson.Document as writing converter
2025-06-07T09:56:07.205-05:00 DEBUG 25156 --- [ProyectoCarpooling] [           main] o.s.data.convert.CustomConversions       : Adding converter from class org.springframework.data.mongodb.core.geo.GeoJsonPoint to class org.bson.Document as writing converter
2025-06-07T09:56:07.205-05:00 DEBUG 25156 --- [ProyectoCarpooling] [           main] o.s.data.convert.CustomConversions       : Adding converter from class org.springframework.data.mongodb.core.geo.GeoJsonPolygon to class org.bson.Document as writing converter
2025-06-07T09:56:07.205-05:00 DEBUG 25156 --- [ProyectoCarpooling] [           main] o.s.data.convert.CustomConversions       : Adding converter from class org.bson.Document to class org.springframework.data.mongodb.core.geo.GeoJsonPoint as reading converter
2025-06-07T09:56:07.205-05:00 DEBUG 25156 --- [ProyectoCarpooling] [           main] o.s.data.convert.CustomConversions       : Adding converter from class org.bson.Document to class org.springframework.data.mongodb.core.geo.GeoJsonPolygon as reading converter
2025-06-07T09:56:07.205-05:00 DEBUG 25156 --- [ProyectoCarpooling] [           main] o.s.data.convert.CustomConversions       : Adding converter from class org.bson.Document to class org.springframework.data.mongodb.core.geo.GeoJsonLineString as reading converter
2025-06-07T09:56:07.205-05:00 DEBUG 25156 --- [ProyectoCarpooling] [           main] o.s.data.convert.CustomConversions       : Adding converter from class org.bson.Document to class org.springframework.data.mongodb.core.geo.GeoJsonMultiLineString as reading converter
2025-06-07T09:56:07.205-05:00 DEBUG 25156 --- [ProyectoCarpooling] [           main] o.s.data.convert.CustomConversions       : Adding converter from class org.bson.Document to class org.springframework.data.mongodb.core.geo.GeoJsonMultiPoint as reading converter
2025-06-07T09:56:07.205-05:00 DEBUG 25156 --- [ProyectoCarpooling] [           main] o.s.data.convert.CustomConversions       : Adding converter from class org.bson.Document to class org.springframework.data.mongodb.core.geo.GeoJsonMultiPolygon as reading converter
2025-06-07T09:56:07.205-05:00 DEBUG 25156 --- [ProyectoCarpooling] [           main] o.s.data.convert.CustomConversions       : Adding converter from class org.bson.Document to class org.springframework.data.mongodb.core.geo.GeoJsonGeometryCollection as reading converter
2025-06-07T09:56:07.205-05:00 DEBUG 25156 --- [ProyectoCarpooling] [           main] o.s.data.convert.CustomConversions       : Adding converter from class org.bson.Document to interface org.springframework.data.mongodb.core.geo.GeoJson as reading converter
2025-06-07T09:56:07.206-05:00 DEBUG 25156 --- [ProyectoCarpooling] [           main] o.s.data.convert.CustomConversions       : Adding converter from class java.util.Date to class java.time.LocalDateTime as reading converter
2025-06-07T09:56:07.206-05:00 DEBUG 25156 --- [ProyectoCarpooling] [           main] o.s.data.convert.CustomConversions       : Adding converter from class java.time.LocalDateTime to class java.util.Date as writing converter
2025-06-07T09:56:07.206-05:00 DEBUG 25156 --- [ProyectoCarpooling] [           main] o.s.data.convert.CustomConversions       : Adding converter from class java.util.Date to class java.time.LocalDate as reading converter
2025-06-07T09:56:07.206-05:00 DEBUG 25156 --- [ProyectoCarpooling] [           main] o.s.data.convert.CustomConversions       : Adding converter from class java.time.LocalDate to class java.util.Date as writing converter
2025-06-07T09:56:07.206-05:00 DEBUG 25156 --- [ProyectoCarpooling] [           main] o.s.data.convert.CustomConversions       : Adding converter from class java.util.Date to class java.time.LocalTime as reading converter
2025-06-07T09:56:07.206-05:00 DEBUG 25156 --- [ProyectoCarpooling] [           main] o.s.data.convert.CustomConversions       : Adding converter from class java.time.LocalTime to class java.util.Date as writing converter
2025-06-07T09:56:07.206-05:00 DEBUG 25156 --- [ProyectoCarpooling] [           main] o.s.data.convert.CustomConversions       : Adding converter from class java.util.Date to class java.time.Instant as reading converter
2025-06-07T09:56:07.206-05:00 DEBUG 25156 --- [ProyectoCarpooling] [           main] o.s.data.convert.CustomConversions       : Adding converter from class java.time.Instant to class java.util.Date as writing converter
2025-06-07T09:56:07.206-05:00 DEBUG 25156 --- [ProyectoCarpooling] [           main] o.s.data.convert.CustomConversions       : Skipping converter from class java.time.LocalDateTime to class java.time.Instant as reading converter class java.time.LocalDateTime is not a store supported simple type
2025-06-07T09:56:07.206-05:00 DEBUG 25156 --- [ProyectoCarpooling] [           main] o.s.data.convert.CustomConversions       : Skipping converter from class java.time.Instant to class java.time.LocalDateTime as reading converter class java.time.Instant is not a store supported simple type
2025-06-07T09:56:07.206-05:00 DEBUG 25156 --- [ProyectoCarpooling] [           main] o.s.data.convert.CustomConversions       : Adding converter from class java.time.ZoneId to class java.lang.String as writing converter
2025-06-07T09:56:07.206-05:00 DEBUG 25156 --- [ProyectoCarpooling] [           main] o.s.data.convert.CustomConversions       : Adding converter from class java.lang.String to class java.time.ZoneId as reading converter
2025-06-07T09:56:07.206-05:00 DEBUG 25156 --- [ProyectoCarpooling] [           main] o.s.data.convert.CustomConversions       : Adding converter from class java.time.Duration to class java.lang.String as writing converter
2025-06-07T09:56:07.206-05:00 DEBUG 25156 --- [ProyectoCarpooling] [           main] o.s.data.convert.CustomConversions       : Adding converter from class java.lang.String to class java.time.Duration as reading converter
2025-06-07T09:56:07.206-05:00 DEBUG 25156 --- [ProyectoCarpooling] [           main] o.s.data.convert.CustomConversions       : Adding converter from class java.time.Period to class java.lang.String as writing converter
2025-06-07T09:56:07.207-05:00 DEBUG 25156 --- [ProyectoCarpooling] [           main] o.s.data.convert.CustomConversions       : Adding converter from class java.lang.String to class java.time.Period as reading converter
2025-06-07T09:56:07.207-05:00 DEBUG 25156 --- [ProyectoCarpooling] [           main] o.s.data.convert.CustomConversions       : Adding converter from class java.lang.String to class java.time.LocalDate as reading converter
2025-06-07T09:56:07.207-05:00 DEBUG 25156 --- [ProyectoCarpooling] [           main] o.s.data.convert.CustomConversions       : Adding converter from class java.lang.String to class java.time.LocalDateTime as reading converter
2025-06-07T09:56:07.207-05:00 DEBUG 25156 --- [ProyectoCarpooling] [           main] o.s.data.convert.CustomConversions       : Adding converter from class java.lang.String to class java.time.Instant as reading converter
2025-06-07T09:56:07.259-05:00 DEBUG 25156 --- [ProyectoCarpooling] [           main] o.s.b.f.s.DefaultListableBeanFactory     : Autowiring by type from bean name 'mongoTemplate' via factory method to bean named 'mongoDatabaseFactory'
2025-06-07T09:56:07.259-05:00 DEBUG 25156 --- [ProyectoCarpooling] [           main] o.s.b.f.s.DefaultListableBeanFactory     : Autowiring by type from bean name 'mongoTemplate' via factory method to bean named 'mappingMongoConverter'
2025-06-07T09:56:07.420-05:00 DEBUG 25156 --- [ProyectoCarpooling] [           main] o.s.d.r.c.s.RepositoryFactorySupport     : Initializing repository instance for com.ProyectoCarpooling.app.Repositorio.CalificacionRepositorio…
2025-06-07T09:56:07.490-05:00 DEBUG 25156 --- [ProyectoCarpooling] [           main] o.s.d.r.c.s.RepositoryFactorySupport     : Finished creation of repository instance for com.ProyectoCarpooling.app.Repositorio.CalificacionRepositorio.
2025-06-07T09:56:07.495-05:00 DEBUG 25156 --- [ProyectoCarpooling] [           main] o.s.b.f.s.DefaultListableBeanFactory     : Creating shared instance of singleton bean 'conductorControlador'
2025-06-07T09:56:07.496-05:00 DEBUG 25156 --- [ProyectoCarpooling] [           main] o.s.b.f.s.DefaultListableBeanFactory     : Creating shared instance of singleton bean 'coordinadorControlador'
2025-06-07T09:56:07.497-05:00 DEBUG 25156 --- [ProyectoCarpooling] [           main] o.s.b.f.s.DefaultListableBeanFactory     : Creating shared instance of singleton bean 'invitadoControlador'
2025-06-07T09:56:07.497-05:00 DEBUG 25156 --- [ProyectoCarpooling] [           main] o.s.b.f.s.DefaultListableBeanFactory     : Creating shared instance of singleton bean 'loginControlador'
2025-06-07T09:56:07.498-05:00 DEBUG 25156 --- [ProyectoCarpooling] [           main] o.s.b.f.s.DefaultListableBeanFactory     : Creating shared instance of singleton bean 'pasajeroControlador'
2025-06-07T09:56:07.498-05:00 DEBUG 25156 --- [ProyectoCarpooling] [           main] o.s.b.f.s.DefaultListableBeanFactory     : Creating shared instance of singleton bean 'reporteControlador'
2025-06-07T09:56:07.502-05:00 DEBUG 25156 --- [ProyectoCarpooling] [           main] o.s.b.f.s.DefaultListableBeanFactory     : Creating shared instance of singleton bean 'reporteRepositorio'
2025-06-07T09:56:07.502-05:00 DEBUG 25156 --- [ProyectoCarpooling] [           main] o.s.b.f.s.DefaultListableBeanFactory     : Creating shared instance of singleton bean 'mongo.named-queries#3'
2025-06-07T09:56:07.504-05:00 DEBUG 25156 --- [ProyectoCarpooling] [           main] o.s.b.f.s.DefaultListableBeanFactory     : Creating shared instance of singleton bean 'mongodb.ReporteRepositorio.fragments#0'
2025-06-07T09:56:07.505-05:00 DEBUG 25156 --- [ProyectoCarpooling] [           main] o.s.d.r.c.s.RepositoryFactorySupport     : Initializing repository instance for com.ProyectoCarpooling.app.Repositorio.ReporteRepositorio…
2025-06-07T09:56:07.510-05:00 DEBUG 25156 --- [ProyectoCarpooling] [           main] o.s.d.r.c.s.RepositoryFactorySupport     : Finished creation of repository instance for com.ProyectoCarpooling.app.Repositorio.ReporteRepositorio.
2025-06-07T09:56:07.511-05:00 DEBUG 25156 --- [ProyectoCarpooling] [           main] o.s.b.f.s.DefaultListableBeanFactory     : Creating shared instance of singleton bean 'rutasControlador'
2025-06-07T09:56:07.513-05:00 DEBUG 25156 --- [ProyectoCarpooling] [           main] o.s.b.f.s.DefaultListableBeanFactory     : Creating shared instance of singleton bean 'rutasRepositorio'
2025-06-07T09:56:07.513-05:00 DEBUG 25156 --- [ProyectoCarpooling] [           main] o.s.b.f.s.DefaultListableBeanFactory     : Creating shared instance of singleton bean 'mongo.named-queries#4'
2025-06-07T09:56:07.514-05:00 DEBUG 25156 --- [ProyectoCarpooling] [           main] o.s.b.f.s.DefaultListableBeanFactory     : Creating shared instance of singleton bean 'mongodb.RutasRepositorio.fragments#0'
2025-06-07T09:56:07.515-05:00 DEBUG 25156 --- [ProyectoCarpooling] [           main] o.s.d.r.c.s.RepositoryFactorySupport     : Initializing repository instance for com.ProyectoCarpooling.app.Repositorio.RutasRepositorio…
2025-06-07T09:56:07.520-05:00 DEBUG 25156 --- [ProyectoCarpooling] [           main] o.s.d.r.c.s.RepositoryFactorySupport     : Finished creation of repository instance for com.ProyectoCarpooling.app.Repositorio.RutasRepositorio.
2025-06-07T09:56:07.522-05:00 DEBUG 25156 --- [ProyectoCarpooling] [           main] o.s.b.f.s.DefaultListableBeanFactory     : Creating shared instance of singleton bean 'solicitudControlador'
2025-06-07T09:56:07.524-05:00 DEBUG 25156 --- [ProyectoCarpooling] [           main] o.s.b.f.s.DefaultListableBeanFactory     : Creating shared instance of singleton bean 'solicitudRepositorio'
2025-06-07T09:56:07.525-05:00 DEBUG 25156 --- [ProyectoCarpooling] [           main] o.s.b.f.s.DefaultListableBeanFactory     : Creating shared instance of singleton bean 'mongo.named-queries#1'
2025-06-07T09:56:07.527-05:00 DEBUG 25156 --- [ProyectoCarpooling] [           main] o.s.b.f.s.DefaultListableBeanFactory     : Creating shared instance of singleton bean 'mongodb.SolicitudRepositorio.fragments#0'
2025-06-07T09:56:07.527-05:00 DEBUG 25156 --- [ProyectoCarpooling] [           main] o.s.d.r.c.s.RepositoryFactorySupport     : Initializing repository instance for com.ProyectoCarpooling.app.Repositorio.SolicitudRepositorio…
2025-06-07T09:56:07.532-05:00 DEBUG 25156 --- [ProyectoCarpooling] [           main] o.s.d.r.c.s.RepositoryFactorySupport     : Finished creation of repository instance for com.ProyectoCarpooling.app.Repositorio.SolicitudRepositorio.
2025-06-07T09:56:07.535-05:00 DEBUG 25156 --- [ProyectoCarpooling] [           main] o.s.b.f.s.DefaultListableBeanFactory     : Creating shared instance of singleton bean 'userControlador'
2025-06-07T09:56:07.539-05:00 DEBUG 25156 --- [ProyectoCarpooling] [           main] o.s.b.f.s.DefaultListableBeanFactory     : Creating shared instance of singleton bean 'userRepositorio'
2025-06-07T09:56:07.540-05:00 DEBUG 25156 --- [ProyectoCarpooling] [           main] o.s.b.f.s.DefaultListableBeanFactory     : Creating shared instance of singleton bean 'mongo.named-queries#2'
2025-06-07T09:56:07.542-05:00 DEBUG 25156 --- [ProyectoCarpooling] [           main] o.s.b.f.s.DefaultListableBeanFactory     : Creating shared instance of singleton bean 'mongodb.UserRepositorio.fragments#0'
2025-06-07T09:56:07.543-05:00 DEBUG 25156 --- [ProyectoCarpooling] [           main] o.s.d.r.c.s.RepositoryFactorySupport     : Initializing repository instance for com.ProyectoCarpooling.app.Repositorio.UserRepositorio…
2025-06-07T09:56:07.628-05:00 DEBUG 25156 --- [ProyectoCarpooling] [           main] o.s.d.r.c.s.RepositoryFactorySupport     : Finished creation of repository instance for com.ProyectoCarpooling.app.Repositorio.UserRepositorio.
2025-06-07T09:56:07.630-05:00 DEBUG 25156 --- [ProyectoCarpooling] [           main] o.s.b.f.s.DefaultListableBeanFactory     : Creating shared instance of singleton bean 'org.springframework.boot.autoconfigure.context.PropertyPlaceholderAutoConfiguration'
2025-06-07T09:56:07.631-05:00 DEBUG 25156 --- [ProyectoCarpooling] [           main] o.s.b.f.s.DefaultListableBeanFactory     : Creating shared instance of singleton bean 'org.springframework.boot.autoconfigure.websocket.servlet.WebSocketServletAutoConfiguration$TomcatWebSocketConfiguration'
2025-06-07T09:56:07.632-05:00 DEBUG 25156 --- [ProyectoCarpooling] [           main] o.s.b.f.s.DefaultListableBeanFactory     : Creating shared instance of singleton bean 'websocketServletWebServerCustomizer'
2025-06-07T09:56:07.638-05:00 DEBUG 25156 --- [ProyectoCarpooling] [           main] o.s.b.f.s.DefaultListableBeanFactory     : Creating shared instance of singleton bean 'org.springframework.boot.autoconfigure.websocket.servlet.WebSocketServletAutoConfiguration'
2025-06-07T09:56:07.639-05:00 DEBUG 25156 --- [ProyectoCarpooling] [           main] o.s.b.f.s.DefaultListableBeanFactory     : Creating shared instance of singleton bean 'org.springframework.boot.autoconfigure.web.servlet.ServletWebServerFactoryConfiguration$EmbeddedTomcat'
2025-06-07T09:56:07.640-05:00 DEBUG 25156 --- [ProyectoCarpooling] [           main] o.s.b.f.s.DefaultListableBeanFactory     : Creating shared instance of singleton bean 'tomcatServletWebServerFactory'
2025-06-07T09:56:07.687-05:00 DEBUG 25156 --- [ProyectoCarpooling] [           main] o.s.b.f.s.DefaultListableBeanFactory     : Creating shared instance of singleton bean 'servletWebServerFactoryCustomizer'
2025-06-07T09:56:07.688-05:00 DEBUG 25156 --- [ProyectoCarpooling] [           main] o.s.b.f.s.DefaultListableBeanFactory     : Creating shared instance of singleton bean 'org.springframework.boot.autoconfigure.web.servlet.ServletWebServerFactoryAutoConfiguration'
2025-06-07T09:56:07.691-05:00 DEBUG 25156 --- [ProyectoCarpooling] [           main] o.s.b.f.s.DefaultListableBeanFactory     : Creating shared instance of singleton bean 'server-org.springframework.boot.autoconfigure.web.ServerProperties'
2025-06-07T09:56:07.716-05:00 DEBUG 25156 --- [ProyectoCarpooling] [           main] o.s.b.f.s.DefaultListableBeanFactory     : Autowiring by type from bean name 'servletWebServerFactoryCustomizer' via factory method to bean named 'server-org.springframework.boot.autoconfigure.web.ServerProperties'
2025-06-07T09:56:07.722-05:00 DEBUG 25156 --- [ProyectoCarpooling] [           main] o.s.b.f.s.DefaultListableBeanFactory     : Creating shared instance of singleton bean 'tomcatServletWebServerFactoryCustomizer'
2025-06-07T09:56:07.723-05:00 DEBUG 25156 --- [ProyectoCarpooling] [           main] o.s.b.f.s.DefaultListableBeanFactory     : Autowiring by type from bean name 'tomcatServletWebServerFactoryCustomizer' via factory method to bean named 'server-org.springframework.boot.autoconfigure.web.ServerProperties'
2025-06-07T09:56:07.726-05:00 DEBUG 25156 --- [ProyectoCarpooling] [           main] o.s.b.f.s.DefaultListableBeanFactory     : Creating shared instance of singleton bean 'localeCharsetMappingsCustomizer'
2025-06-07T09:56:07.726-05:00 DEBUG 25156 --- [ProyectoCarpooling] [           main] o.s.b.f.s.DefaultListableBeanFactory     : Creating shared instance of singleton bean 'org.springframework.boot.autoconfigure.web.servlet.HttpEncodingAutoConfiguration'
2025-06-07T09:56:07.727-05:00 DEBUG 25156 --- [ProyectoCarpooling] [           main] o.s.b.f.s.DefaultListableBeanFactory     : Autowiring by type from bean name 'org.springframework.boot.autoconfigure.web.servlet.HttpEncodingAutoConfiguration' via constructor to bean named 'server-org.springframework.boot.autoconfigure.web.ServerProperties'
2025-06-07T09:56:07.790-05:00 DEBUG 25156 --- [ProyectoCarpooling] [           main] o.s.b.f.s.DefaultListableBeanFactory     : Creating shared instance of singleton bean 'errorPageCustomizer'
2025-06-07T09:56:07.790-05:00 DEBUG 25156 --- [ProyectoCarpooling] [           main] o.s.b.f.s.DefaultListableBeanFactory     : Creating shared instance of singleton bean 'org.springframework.boot.autoconfigure.web.servlet.error.ErrorMvcAutoConfiguration'
2025-06-07T09:56:07.790-05:00 DEBUG 25156 --- [ProyectoCarpooling] [           main] o.s.b.f.s.DefaultListableBeanFactory     : Autowiring by type from bean name 'org.springframework.boot.autoconfigure.web.servlet.error.ErrorMvcAutoConfiguration' via constructor to bean named 'server-org.springframework.boot.autoconfigure.web.ServerProperties'
2025-06-07T09:56:07.792-05:00 DEBUG 25156 --- [ProyectoCarpooling] [           main] o.s.b.f.s.DefaultListableBeanFactory     : Creating shared instance of singleton bean 'dispatcherServletRegistration'
2025-06-07T09:56:07.792-05:00 DEBUG 25156 --- [ProyectoCarpooling] [           main] o.s.b.f.s.DefaultListableBeanFactory     : Creating shared instance of singleton bean 'org.springframework.boot.autoconfigure.web.servlet.DispatcherServletAutoConfiguration$DispatcherServletRegistrationConfiguration'
2025-06-07T09:56:07.793-05:00 DEBUG 25156 --- [ProyectoCarpooling] [           main] o.s.b.f.s.DefaultListableBeanFactory     : Creating shared instance of singleton bean 'dispatcherServlet'
2025-06-07T09:56:07.793-05:00 DEBUG 25156 --- [ProyectoCarpooling] [           main] o.s.b.f.s.DefaultListableBeanFactory     : Creating shared instance of singleton bean 'org.springframework.boot.autoconfigure.web.servlet.DispatcherServletAutoConfiguration$DispatcherServletConfiguration'
2025-06-07T09:56:07.794-05:00 DEBUG 25156 --- [ProyectoCarpooling] [           main] o.s.b.f.s.DefaultListableBeanFactory     : Creating shared instance of singleton bean 'spring.mvc-org.springframework.boot.autoconfigure.web.servlet.WebMvcProperties'
2025-06-07T09:56:07.802-05:00 DEBUG 25156 --- [ProyectoCarpooling] [           main] o.s.b.f.s.DefaultListableBeanFactory     : Autowiring by type from bean name 'dispatcherServlet' via factory method to bean named 'spring.mvc-org.springframework.boot.autoconfigure.web.servlet.WebMvcProperties'
2025-06-07T09:56:07.824-05:00 DEBUG 25156 --- [ProyectoCarpooling] [           main] o.s.b.f.s.DefaultListableBeanFactory     : Autowiring by type from bean name 'dispatcherServletRegistration' via factory method to bean named 'dispatcherServlet'
2025-06-07T09:56:07.824-05:00 DEBUG 25156 --- [ProyectoCarpooling] [           main] o.s.b.f.s.DefaultListableBeanFactory     : Autowiring by type from bean name 'dispatcherServletRegistration' via factory method to bean named 'spring.mvc-org.springframework.boot.autoconfigure.web.servlet.WebMvcProperties'
2025-06-07T09:56:07.828-05:00 DEBUG 25156 --- [ProyectoCarpooling] [           main] o.s.b.f.s.DefaultListableBeanFactory     : Creating shared instance of singleton bean 'multipartConfigElement'
2025-06-07T09:56:07.829-05:00 DEBUG 25156 --- [ProyectoCarpooling] [           main] o.s.b.f.s.DefaultListableBeanFactory     : Creating shared instance of singleton bean 'org.springframework.boot.autoconfigure.web.servlet.MultipartAutoConfiguration'
2025-06-07T09:56:07.829-05:00 DEBUG 25156 --- [ProyectoCarpooling] [           main] o.s.b.f.s.DefaultListableBeanFactory     : Creating shared instance of singleton bean 'spring.servlet.multipart-org.springframework.boot.autoconfigure.web.servlet.MultipartProperties'
2025-06-07T09:56:07.837-05:00 DEBUG 25156 --- [ProyectoCarpooling] [           main] o.s.b.f.s.DefaultListableBeanFactory     : Autowiring by type from bean name 'org.springframework.boot.autoconfigure.web.servlet.MultipartAutoConfiguration' via constructor to bean named 'spring.servlet.multipart-org.springframework.boot.autoconfigure.web.servlet.MultipartProperties'
2025-06-07T09:56:07.845-05:00 DEBUG 25156 --- [ProyectoCarpooling] [           main] o.s.b.f.s.DefaultListableBeanFactory     : Autowiring by type from bean name 'errorPageCustomizer' via factory method to bean named 'dispatcherServletRegistration'
2025-06-07T09:56:07.847-05:00 DEBUG 25156 --- [ProyectoCarpooling] [           main] o.s.b.f.s.DefaultListableBeanFactory     : Creating shared instance of singleton bean 'org.springframework.boot.autoconfigure.web.servlet.DispatcherServletAutoConfiguration'
2025-06-07T09:56:07.848-05:00 DEBUG 25156 --- [ProyectoCarpooling] [           main] o.s.b.f.s.DefaultListableBeanFactory     : Creating shared instance of singleton bean 'org.springframework.boot.autoconfigure.task.TaskExecutorConfigurations$ThreadPoolTaskExecutorBuilderConfiguration'
2025-06-07T09:56:07.849-05:00 DEBUG 25156 --- [ProyectoCarpooling] [           main] o.s.b.f.s.DefaultListableBeanFactory     : Creating shared instance of singleton bean 'threadPoolTaskExecutorBuilder'
2025-06-07T09:56:07.851-05:00 DEBUG 25156 --- [ProyectoCarpooling] [           main] o.s.b.f.s.DefaultListableBeanFactory     : Creating shared instance of singleton bean 'spring.task.execution-org.springframework.boot.autoconfigure.task.TaskExecutionProperties'
2025-06-07T09:56:07.854-05:00 DEBUG 25156 --- [ProyectoCarpooling] [           main] o.s.b.f.s.DefaultListableBeanFactory     : Autowiring by type from bean name 'threadPoolTaskExecutorBuilder' via factory method to bean named 'spring.task.execution-org.springframework.boot.autoconfigure.task.TaskExecutionProperties'
2025-06-07T09:56:07.860-05:00 DEBUG 25156 --- [ProyectoCarpooling] [           main] o.s.b.f.s.DefaultListableBeanFactory     : Creating shared instance of singleton bean 'org.springframework.boot.autoconfigure.task.TaskExecutorConfigurations$SimpleAsyncTaskExecutorBuilderConfiguration'
[...]

   ReactiveWebServerFactoryAutoConfiguration:
      Did not match:
         - @ConditionalOnWebApplication did not find reactive web application classes (OnWebApplicationCondition)

   ReactorAutoConfiguration:
      Did not match:
         - @ConditionalOnClass did not find required class 'reactor.core.publisher.Hooks' (OnClassCondition)

   RedisAutoConfiguration:
      Did not match:
         - @ConditionalOnClass did not find required class 'org.springframework.data.redis.core.RedisOperations' (OnClassCondition)

   RedisCacheConfiguration:
      Did not match:
         - @ConditionalOnClass did not find required class 'org.springframework.data.redis.connection.RedisConnectionFactory' (OnClassCondition)

   RedisReactiveAutoConfiguration:
      Did not match:
         - @ConditionalOnClass did not find required class 'reactor.core.publisher.Flux' (OnClassCondition)

   RedisRepositoriesAutoConfiguration:
      Did not match:
         - @ConditionalOnClass did not find required class 'org.springframework.data.redis.repository.configuration.EnableRedisRepositories' (OnClassCondition)

   RemoteDevToolsAutoConfiguration:
      Did not match:
         - @ConditionalOnProperty (spring.devtools.remote.secret) did not find property 'secret' (OnPropertyCondition)
      Matched:
         - @ConditionalOnClass found required classes 'jakarta.servlet.Filter', 'org.springframework.http.server.ServerHttpRequest' (OnClassCondition)

   RepositoryRestMvcAutoConfiguration:
      Did not match:
         - @ConditionalOnClass did not find required class 'org.springframework.data.rest.webmvc.config.RepositoryRestMvcConfiguration' (OnClassCondition)

   Saml2RelyingPartyAutoConfiguration:
      Did not match:
         - @ConditionalOnClass did not find required class 'org.springframework.security.saml2.provider.service.registration.RelyingPartyRegistrationRepository' (OnClassCondition)

   SecurityAutoConfiguration:
      Did not match:
         - @ConditionalOnClass did not find required class 'org.springframework.security.authentication.DefaultAuthenticationEventPublisher' (OnClassCondition)

   SecurityFilterAutoConfiguration:
      Did not match:
         - @ConditionalOnClass did not find required class 'org.springframework.security.config.http.SessionCreationPolicy' (OnClassCondition)

   SendGridAutoConfiguration:
      Did not match:
         - @ConditionalOnClass did not find required class 'com.sendgrid.SendGrid' (OnClassCondition)

   ServletWebServerFactoryAutoConfiguration.ForwardedHeaderFilterConfiguration:
      Did not match:
         - @ConditionalOnProperty (server.forward-headers-strategy=framework) did not find property 'server.forward-headers-strategy' (OnPropertyCondition)

   ServletWebServerFactoryConfiguration.EmbeddedJetty:
      Did not match:
         - @ConditionalOnClass did not find required classes 'org.eclipse.jetty.server.Server', 'org.eclipse.jetty.util.Loader', 'org.eclipse.jetty.ee10.webapp.WebAppContext' (OnClassCondition)

   ServletWebServerFactoryConfiguration.EmbeddedUndertow:
      Did not match:
         - @ConditionalOnClass did not find required classes 'io.undertow.Undertow', 'org.xnio.SslClientAuthMode' (OnClassCondition)

   SessionAutoConfiguration:
      Did not match:
         - @ConditionalOnClass did not find required class 'org.springframework.session.Session' (OnClassCondition)

   SpringApplicationAdminJmxAutoConfiguration:
      Did not match:
         - @ConditionalOnProperty (spring.application.admin.enabled=true) did not find property 'enabled' (OnPropertyCondition)

   TaskExecutorConfigurations.SimpleAsyncTaskExecutorBuilderConfiguration#simpleAsyncTaskExecutorBuilderVirtualThreads:
      Did not match:
         - @ConditionalOnMissingBean (types: org.springframework.boot.task.SimpleAsyncTaskExecutorBuilder; SearchStrategy: all) found beans of type 'org.springframework.boot.task.SimpleAsyncTaskExecutorBuilder' simpleAsyncTaskExecutorBuilder (OnBeanCondition)

   TaskExecutorConfigurations.TaskExecutorConfiguration#applicationTaskExecutorVirtualThreads:
      Did not match:
         - @ConditionalOnThreading did not find VIRTUAL (OnThreadingCondition)

   TaskSchedulingAutoConfiguration#scheduledBeanLazyInitializationExcludeFilter:
      Did not match:
         - @ConditionalOnBean (names: org.springframework.context.annotation.internalScheduledAnnotationProcessor; SearchStrategy: all) did not find any beans named org.springframework.context.annotation.internalScheduledAnnotationProcessor (OnBeanCondition)

   TaskSchedulingConfigurations.SimpleAsyncTaskSchedulerBuilderConfiguration#simpleAsyncTaskSchedulerBuilderVirtualThreads:
      Did not match:
         - @ConditionalOnMissingBean (types: org.springframework.boot.task.SimpleAsyncTaskSchedulerBuilder; SearchStrategy: all) found beans of type 'org.springframework.boot.task.SimpleAsyncTaskSchedulerBuilder' simpleAsyncTaskSchedulerBuilder (OnBeanCondition)

   TaskSchedulingConfigurations.TaskSchedulerConfiguration:
      Did not match:
         - @ConditionalOnBean (names: org.springframework.context.annotation.internalScheduledAnnotationProcessor; SearchStrategy: all) did not find any beans named org.springframework.context.annotation.internalScheduledAnnotationProcessor (OnBeanCondition)

   TemplateEngineConfigurations.ReactiveTemplateEngineConfiguration:
      Did not match:
         - did not find reactive web application classes (OnWebApplicationCondition)

   ThymeleafAutoConfiguration.DataAttributeDialectConfiguration:
      Did not match:
         - @ConditionalOnClass did not find required class 'com.github.mxab.thymeleaf.extras.dataattribute.dialect.DataAttributeDialect' (OnClassCondition)

   ThymeleafAutoConfiguration.ThymeleafSecurityDialectConfiguration:
      Did not match:
         - @ConditionalOnClass did not find required classes 'org.thymeleaf.extras.springsecurity6.dialect.SpringSecurityDialect', 'org.springframework.security.web.server.csrf.CsrfToken' (OnClassCondition)

   ThymeleafAutoConfiguration.ThymeleafWebFluxConfiguration:
      Did not match:
         - did not find reactive web application classes (OnWebApplicationCondition)

   ThymeleafAutoConfiguration.ThymeleafWebLayoutConfiguration:
      Did not match:
         - @ConditionalOnClass did not find required class 'nz.net.ultraq.thymeleaf.layoutdialect.LayoutDialect' (OnClassCondition)

   ThymeleafAutoConfiguration.ThymeleafWebMvcConfiguration#resourceUrlEncodingFilter:
      Did not match:
         - @ConditionalOnEnabledResourceChain did not find class org.webjars.WebJarVersionLocator (OnEnabledResourceChainCondition)

   TransactionAutoConfiguration#transactionalOperator:
      Did not match:
         - @ConditionalOnSingleCandidate (types: org.springframework.transaction.ReactiveTransactionManager; SearchStrategy: all) did not find any beans (OnBeanCondition)

   TransactionAutoConfiguration.AspectJTransactionManagementConfiguration:
      Did not match:
         - @ConditionalOnBean did not find required type 'org.springframework.transaction.aspectj.AbstractTransactionAspect' (OnBeanCondition)
         - @ConditionalOnBean (types: org.springframework.transaction.aspectj.AbstractTransactionAspect; SearchStrategy: all) did not find any beans of type org.springframework.transaction.aspectj.AbstractTransactionAspect (OnBeanCondition)

   TransactionAutoConfiguration.EnableTransactionManagementConfiguration:
      Did not match:
         - @ConditionalOnBean (types: org.springframework.transaction.TransactionManager; SearchStrategy: all) did not find any beans of type org.springframework.transaction.TransactionManager (OnBeanCondition)

   TransactionAutoConfiguration.EnableTransactionManagementConfiguration.CglibAutoProxyConfiguration:
      Did not match:
         - Ancestor org.springframework.boot.autoconfigure.transaction.TransactionAutoConfiguration$EnableTransactionManagementConfiguration did not match (ConditionEvaluationReport.AncestorsMatchedCondition)
      Matched:
         - @ConditionalOnProperty (spring.aop.proxy-target-class=true) matched (OnPropertyCondition)

   TransactionAutoConfiguration.EnableTransactionManagementConfiguration.JdkDynamicAutoProxyConfiguration:
      Did not match:
         - @ConditionalOnProperty (spring.aop.proxy-target-class=false) did not find property 'proxy-target-class' (OnPropertyCondition)
         - Ancestor org.springframework.boot.autoconfigure.transaction.TransactionAutoConfiguration$EnableTransactionManagementConfiguration did not match (ConditionEvaluationReport.AncestorsMatchedCondition)

   TransactionAutoConfiguration.TransactionTemplateConfiguration:
      Did not match:
         - @ConditionalOnSingleCandidate (types: org.springframework.transaction.PlatformTransactionManager; SearchStrategy: all) did not find any beans (OnBeanCondition)

   UserDetailsServiceAutoConfiguration:
      Did not match:
         - @ConditionalOnClass did not find required class 'org.springframework.security.authentication.AuthenticationManager' (OnClassCondition)

   WebClientAutoConfiguration:
      Did not match:
         - @ConditionalOnClass did not find required class 'org.springframework.web.reactive.function.client.WebClient' (OnClassCondition)

   WebFluxAutoConfiguration:
      Did not match:
         - @ConditionalOnClass did not find required class 'org.springframework.web.reactive.config.WebFluxConfigurer' (OnClassCondition)

   WebMvcAutoConfiguration#hiddenHttpMethodFilter:
      Did not match:
         - @ConditionalOnProperty (spring.mvc.hiddenmethod.filter.enabled) did not find property 'enabled' (OnPropertyCondition)

   WebMvcAutoConfiguration.ProblemDetailsErrorHandlingConfiguration:
      Did not match:
         - @ConditionalOnProperty (spring.mvc.problemdetails.enabled=true) did not find property 'enabled' (OnPropertyCondition)

   WebMvcAutoConfiguration.ResourceChainCustomizerConfiguration:
      Did not match:
         - @ConditionalOnEnabledResourceChain did not find class org.webjars.WebJarVersionLocator (OnEnabledResourceChainCondition)

   WebMvcAutoConfiguration.WebMvcAutoConfigurationAdapter#beanNameViewResolver:
      Did not match:
         - @ConditionalOnMissingBean (types: org.springframework.web.servlet.view.BeanNameViewResolver; SearchStrategy: all) found beans of type 'org.springframework.web.servlet.view.BeanNameViewResolver' beanNameViewResolver (OnBeanCondition)

   WebServiceTemplateAutoConfiguration:
      Did not match:
         - @ConditionalOnClass did not find required class 'org.springframework.oxm.Marshaller' (OnClassCondition)

   WebServicesAutoConfiguration:
      Did not match:
         - @ConditionalOnClass did not find required class 'org.springframework.ws.transport.http.MessageDispatcherServlet' (OnClassCondition)

   WebSessionIdResolverAutoConfiguration:
      Did not match:
         - @ConditionalOnClass did not find required class 'reactor.core.publisher.Mono' (OnClassCondition)

   WebSocketMessagingAutoConfiguration:
      Did not match:
         - @ConditionalOnClass did not find required class 'org.springframework.web.socket.config.annotation.WebSocketMessageBrokerConfigurer' (OnClassCondition)

   WebSocketReactiveAutoConfiguration:
      Did not match:
         - @ConditionalOnWebApplication did not find reactive web application classes (OnWebApplicationCondition)

   WebSocketServletAutoConfiguration.JettyWebSocketConfiguration:
      Did not match:
         - @ConditionalOnClass did not find required class 'org.eclipse.jetty.ee10.websocket.jakarta.server.config.JakartaWebSocketServletContainerInitializer' (OnClassCondition)

   WebSocketServletAutoConfiguration.UndertowWebSocketConfiguration:
      Did not match:
         - @ConditionalOnClass did not find required class 'io.undertow.websockets.jsr.Bootstrap' (OnClassCondition)

   XADataSourceAutoConfiguration:
      Did not match:
         - @ConditionalOnClass did not find required class 'jakarta.transaction.TransactionManager' (OnClassCondition)


Exclusions:
-----------

    None


Unconditional classes:
----------------------

    org.springframework.boot.autoconfigure.context.ConfigurationPropertiesAutoConfiguration

    org.springframework.boot.autoconfigure.ssl.SslAutoConfiguration

    org.springframework.boot.autoconfigure.context.LifecycleAutoConfiguration

    org.springframework.boot.autoconfigure.context.PropertyPlaceholderAutoConfiguration

    org.springframework.boot.autoconfigure.availability.ApplicationAvailabilityAutoConfiguration

    org.springframework.boot.autoconfigure.info.ProjectInfoAutoConfiguration



2025-06-07T09:56:08.749-05:00  INFO 25156 --- [ProyectoCarpooling] [           main] c.P.a.ProyectoCarpoolingApplicationTests : Started ProyectoCarpoolingApplicationTests in 4.18 seconds (process running for 6.111)
2025-06-07T09:56:08.751-05:00 DEBUG 25156 --- [ProyectoCarpooling] [           main] o.s.b.a.ApplicationAvailabilityBean      : Application availability state LivenessState changed to CORRECT
2025-06-07T09:56:08.754-05:00 DEBUG 25156 --- [ProyectoCarpooling] [           main] o.s.boot.devtools.restart.Restarter      : Creating new Restarter for thread Thread[#1,main,5,main]
2025-06-07T09:56:08.755-05:00 DEBUG 25156 --- [ProyectoCarpooling] [           main] o.s.b.a.ApplicationAvailabilityBean      : Application availability state ReadinessState changed to ACCEPTING_TRAFFIC
2025-06-07T09:56:08.765-05:00 DEBUG 25156 --- [ProyectoCarpooling] [           main] org.springframework.test.context.cache   : Spring test ApplicationContext cache statistics: [DefaultContextCache@1930a804 size = 1, maxSize = 32, parentContextCount = 0, hitCount = 0, missCount = 1, failureCount = 0]
2025-06-07T09:56:08.766-05:00 DEBUG 25156 --- [ProyectoCarpooling] [           main] o.s.t.c.w.ServletTestExecutionListener   : Setting up MockHttpServletRequest, MockHttpServletResponse, ServletWebRequest, and RequestContextHolder for test class com.ProyectoCarpooling.app.ProyectoCarpoolingApplicationTests
2025-06-07T09:56:08.789-05:00 DEBUG 25156 --- [ProyectoCarpooling] [           main] DependencyInjectionTestExecutionListener : Performing dependency injection for test class com.ProyectoCarpooling.app.ProyectoCarpoolingApplicationTests
2025-06-07T09:56:08.790-05:00 DEBUG 25156 --- [ProyectoCarpooling] [           main] org.springframework.test.context.cache   : Spring test ApplicationContext cache statistics: [DefaultContextCache@1930a804 size = 1, maxSize = 32, parentContextCount = 0, hitCount = 1, missCount = 1, failureCount = 0]
2025-06-07T09:56:08.792-05:00 DEBUG 25156 --- [ProyectoCarpooling] [           main] org.springframework.test.context.cache   : Spring test ApplicationContext cache statistics: [DefaultContextCache@1930a804 size = 1, maxSize = 32, parentContextCount = 0, hitCount = 2, missCount = 1, failureCount = 0]
2025-06-07T09:56:08.800-05:00 DEBUG 25156 --- [ProyectoCarpooling] [           main] sContextBeforeModesTestExecutionListener : Before test method: class [ProyectoCarpoolingApplicationTests], method [contextLoads], class annotated with @DirtiesContext [false] with mode [null], method annotated with @DirtiesContext [false] with mode [null]
2025-06-07T09:56:08.805-05:00 DEBUG 25156 --- [ProyectoCarpooling] [           main] org.springframework.test.context.cache   : Spring test ApplicationContext cache statistics: [DefaultContextCache@1930a804 size = 1, maxSize = 32, parentContextCount = 0, hitCount = 3, missCount = 1, failureCount = 0]
2025-06-07T09:56:08.805-05:00 DEBUG 25156 --- [ProyectoCarpooling] [           main] org.springframework.test.context.cache   : Spring test ApplicationContext cache statistics: [DefaultContextCache@1930a804 size = 1, maxSize = 32, parentContextCount = 0, hitCount = 4, missCount = 1, failureCount = 0]
2025-06-07T09:56:09.844-05:00 DEBUG 25156 --- [ProyectoCarpooling] [           main] org.springframework.test.context.cache   : Spring test ApplicationContext cache statistics: [DefaultContextCache@1930a804 size = 1, maxSize = 32, parentContextCount = 0, hitCount = 5, missCount = 1, failureCount = 0]
2025-06-07T09:56:09.849-05:00 DEBUG 25156 --- [ProyectoCarpooling] [           main] org.springframework.test.context.cache   : Spring test ApplicationContext cache statistics: [DefaultContextCache@1930a804 size = 1, maxSize = 32, parentContextCount = 0, hitCount = 6, missCount = 1, failureCount = 0]
2025-06-07T09:56:09.859-05:00 DEBUG 25156 --- [ProyectoCarpooling] [           main] org.springframework.test.context.cache   : Spring test ApplicationContext cache statistics: [DefaultContextCache@1930a804 size = 1, maxSize = 32, parentContextCount = 0, hitCount = 7, missCount = 1, failureCount = 0]
2025-06-07T09:56:09.860-05:00 DEBUG 25156 --- [ProyectoCarpooling] [           main] org.springframework.test.context.cache   : Spring test ApplicationContext cache statistics: [DefaultContextCache@1930a804 size = 1, maxSize = 32, parentContextCount = 0, hitCount = 8, missCount = 1, failureCount = 0]
2025-06-07T09:56:09.862-05:00 DEBUG 25156 --- [ProyectoCarpooling] [           main] org.springframework.test.context.cache   : Spring test ApplicationContext cache statistics: [DefaultContextCache@1930a804 size = 1, maxSize = 32, parentContextCount = 0, hitCount = 9, missCount = 1, failureCount = 0]
2025-06-07T09:56:09.862-05:00 DEBUG 25156 --- [ProyectoCarpooling] [           main] org.springframework.test.context.cache   : Spring test ApplicationContext cache statistics: [DefaultContextCache@1930a804 size = 1, maxSize = 32, parentContextCount = 0, hitCount = 10, missCount = 1, failureCount = 0]
2025-06-07T09:56:09.863-05:00 DEBUG 25156 --- [ProyectoCarpooling] [           main] org.springframework.test.context.cache   : Spring test ApplicationContext cache statistics: [DefaultContextCache@1930a804 size = 1, maxSize = 32, parentContextCount = 0, hitCount = 11, missCount = 1, failureCount = 0]
2025-06-07T09:56:09.864-05:00 DEBUG 25156 --- [ProyectoCarpooling] [           main] org.springframework.test.context.cache   : Spring test ApplicationContext cache statistics: [DefaultContextCache@1930a804 size = 1, maxSize = 32, parentContextCount = 0, hitCount = 12, missCount = 1, failureCount = 0]
2025-06-07T09:56:09.866-05:00 DEBUG 25156 --- [ProyectoCarpooling] [           main] org.springframework.test.context.cache   : Spring test ApplicationContext cache statistics: [DefaultContextCache@1930a804 size = 1, maxSize = 32, parentContextCount = 0, hitCount = 13, missCount = 1, failureCount = 0]
2025-06-07T09:56:09.867-05:00 DEBUG 25156 --- [ProyectoCarpooling] [           main] .c.s.DirtiesContextTestExecutionListener : After test method: class [ProyectoCarpoolingApplicationTests], method [contextLoads], class annotated with @DirtiesContext [false] with mode [null], method annotated with @DirtiesContext [false] with mode [null]
2025-06-07T09:56:09.867-05:00 DEBUG 25156 --- [ProyectoCarpooling] [           main] o.s.t.c.w.ServletTestExecutionListener   : Resetting RequestContextHolder for test class com.ProyectoCarpooling.app.ProyectoCarpoolingApplicationTests
]]></system-out>
    <system-err><![CDATA[Mockito is currently self-attaching to enable the inline-mock-maker. This will no longer work in future releases of the JDK. Please add Mockito as an agent to your build what is described in Mockito's documentation: https://javadoc.io/doc/org.mockito/mockito-core/latest/org/mockito/Mockito.html#0.3
WARNING: A Java agent has been loaded dynamically (C:\Users\pau20\.m2\repository\net\bytebuddy\byte-buddy-agent\1.15.11\byte-buddy-agent-1.15.11.jar)
WARNING: If a serviceability tool is in use, please run with -XX:+EnableDynamicAgentLoading to hide this warning
WARNING: If a serviceability tool is not in use, please run with -Djdk.instrument.traceUsage for more information
WARNING: Dynamic loading of agents will be disallowed by default in a future release
]]></system-err>
  </testcase>
</testsuite>